{"/home/robee/LibraryManagementSystem/src/index.ts": {"path":"/home/robee/LibraryManagementSystem/src/index.ts","statementMap":{"0":{"start":{"line":1,"column":0},"end":{"line":1,"column":31}},"1":{"start":{"line":2,"column":0},"end":{"line":2,"column":24}},"2":{"start":{"line":3,"column":0},"end":{"line":3,"column":44}},"3":{"start":{"line":4,"column":0},"end":{"line":4,"column":46}},"4":{"start":{"line":5,"column":0},"end":{"line":5,"column":57}},"5":{"start":{"line":6,"column":0},"end":{"line":6,"column":58}},"6":{"start":{"line":7,"column":0},"end":{"line":7,"column":48}},"7":{"start":{"line":8,"column":0},"end":{"line":8,"column":54}},"8":{"start":{"line":10,"column":12},"end":{"line":10,"column":21}},"9":{"start":{"line":13,"column":0},"end":{"line":16,"column":4}},"10":{"start":{"line":18,"column":0},"end":{"line":18,"column":24}},"11":{"start":{"line":20,"column":0},"end":{"line":20,"column":null}},"12":{"start":{"line":21,"column":0},"end":{"line":21,"column":null}},"13":{"start":{"line":22,"column":0},"end":{"line":22,"column":34}},"14":{"start":{"line":23,"column":0},"end":{"line":23,"column":29}},"15":{"start":{"line":24,"column":0},"end":{"line":24,"column":32}},"16":{"start":{"line":27,"column":0},"end":{"line":27,"column":24}},"17":{"start":{"line":29,"column":0},"end":{"line":31,"column":null}},"18":{"start":{"line":30,"column":4},"end":{"line":30,"column":null}},"19":{"start":{"line":33,"column":0},"end":{"line":33,"column":null}},"20":{"start":{"line":33,"column":28},"end":{"line":33,"column":77}},"21":{"start":{"line":36,"column":13},"end":{"line":36,"column":17}},"22":{"start":{"line":37,"column":0},"end":{"line":39,"column":null}},"23":{"start":{"line":38,"column":4},"end":{"line":38,"column":null}},"24":{"start":{"line":44,"column":0},"end":{"line":46,"column":null}},"25":{"start":{"line":45,"column":12},"end":{"line":45,"column":58}},"26":{"start":{"line":46,"column":21},"end":{"line":46,"column":69}},"27":{"start":{"line":48,"column":0},"end":{"line":48,"column":19}}},"fnMap":{"0":{"name":"(anonymous_1)","decl":{"start":{"line":29,"column":13},"end":{"line":29,"column":14}},"loc":{"start":{"line":29,"column":26},"end":{"line":31,"column":1}}},"1":{"name":"(anonymous_2)","decl":{"start":{"line":33,"column":13},"end":{"line":33,"column":14}},"loc":{"start":{"line":33,"column":26},"end":{"line":33,"column":77}}},"2":{"name":"(anonymous_3)","decl":{"start":{"line":37,"column":17},"end":{"line":37,"column":20}},"loc":{"start":{"line":37,"column":22},"end":{"line":39,"column":1}}},"3":{"name":"(anonymous_4)","decl":{"start":{"line":45,"column":6},"end":{"line":45,"column":9}},"loc":{"start":{"line":45,"column":12},"end":{"line":45,"column":58}}},"4":{"name":"(anonymous_5)","decl":{"start":{"line":46,"column":7},"end":{"line":46,"column":8}},"loc":{"start":{"line":46,"column":21},"end":{"line":46,"column":69}}}},"branchMap":{},"s":{"0":4,"1":4,"2":4,"3":4,"4":4,"5":4,"6":4,"7":4,"8":4,"9":4,"10":4,"11":4,"12":4,"13":4,"14":4,"15":4,"16":4,"17":4,"18":0,"19":4,"20":0,"21":4,"22":4,"23":4,"24":4,"25":4,"26":0,"27":4},"f":{"0":0,"1":0,"2":4,"3":4,"4":0},"b":{}}
,"/home/robee/LibraryManagementSystem/src/Middlewares/bearAuth.ts": {"path":"/home/robee/LibraryManagementSystem/src/Middlewares/bearAuth.ts","statementMap":{"0":{"start":{"line":1,"column":0},"end":{"line":1,"column":31}},"1":{"start":{"line":2,"column":0},"end":{"line":2,"column":28}},"2":{"start":{"line":5,"column":0},"end":{"line":5,"column":16}},"3":{"start":{"line":7,"column":31},"end":{"line":27,"column":1}},"4":{"start":{"line":8,"column":23},"end":{"line":8,"column":48}},"5":{"start":{"line":10,"column":4},"end":{"line":13,"column":5}},"6":{"start":{"line":11,"column":8},"end":{"line":11,"column":58}},"7":{"start":{"line":12,"column":8},"end":{"line":12,"column":15}},"8":{"start":{"line":14,"column":18},"end":{"line":14,"column":43}},"9":{"start":{"line":15,"column":4},"end":{"line":18,"column":5}},"10":{"start":{"line":16,"column":8},"end":{"line":16,"column":58}},"11":{"start":{"line":17,"column":8},"end":{"line":17,"column":15}},"12":{"start":{"line":19,"column":4},"end":{"line":26,"column":5}},"13":{"start":{"line":20,"column":23},"end":{"line":20,"column":74}},"14":{"start":{"line":21,"column":9},"end":{"line":21,"column":35}},"15":{"start":{"line":22,"column":8},"end":{"line":22,"column":15}},"16":{"start":{"line":25,"column":8},"end":{"line":25,"column":58}},"17":{"start":{"line":7,"column":13},"end":{"line":7,"column":31}}},"fnMap":{"0":{"name":"(anonymous_1)","decl":{"start":{"line":7,"column":31},"end":{"line":7,"column":32}},"loc":{"start":{"line":7,"column":83},"end":{"line":27,"column":1}}}},"branchMap":{"0":{"loc":{"start":{"line":10,"column":4},"end":{"line":13,"column":5}},"type":"if","locations":[{"start":{"line":10,"column":4},"end":{"line":13,"column":5}},{"start":{},"end":{}}]},"1":{"loc":{"start":{"line":10,"column":8},"end":{"line":10,"column":56}},"type":"binary-expr","locations":[{"start":{"line":10,"column":8},"end":{"line":10,"column":19}},{"start":{"line":10,"column":23},"end":{"line":10,"column":56}}]},"2":{"loc":{"start":{"line":15,"column":4},"end":{"line":18,"column":5}},"type":"if","locations":[{"start":{"line":15,"column":4},"end":{"line":18,"column":5}},{"start":{},"end":{}}]}},"s":{"0":4,"1":4,"2":4,"3":4,"4":20,"5":20,"6":0,"7":0,"8":20,"9":20,"10":0,"11":0,"12":20,"13":20,"14":20,"15":20,"16":0,"17":4},"f":{"0":20},"b":{"0":[0,20],"1":[20,20],"2":[0,20]}}
,"/home/robee/LibraryManagementSystem/src/Middlewares/roleAuth.ts": {"path":"/home/robee/LibraryManagementSystem/src/Middlewares/roleAuth.ts","statementMap":{"0":{"start":{"line":2,"column":0},"end":{"line":2,"column":27}},"1":{"start":{"line":4,"column":0},"end":{"line":4,"column":null}},"2":{"start":{"line":6,"column":24},"end":{"line":18,"column":1}},"3":{"start":{"line":7,"column":18},"end":{"line":7,"column":34}},"4":{"start":{"line":9,"column":4},"end":{"line":11,"column":5}},"5":{"start":{"line":10,"column":8},"end":{"line":10,"column":81}},"6":{"start":{"line":13,"column":4},"end":{"line":15,"column":5}},"7":{"start":{"line":14,"column":8},"end":{"line":14,"column":91}},"8":{"start":{"line":17,"column":4},"end":{"line":17,"column":11}},"9":{"start":{"line":6,"column":13},"end":{"line":6,"column":24}}},"fnMap":{"0":{"name":"(anonymous_1)","decl":{"start":{"line":6,"column":24},"end":{"line":6,"column":25}},"loc":{"start":{"line":6,"column":76},"end":{"line":18,"column":1}}}},"branchMap":{"0":{"loc":{"start":{"line":9,"column":4},"end":{"line":11,"column":5}},"type":"if","locations":[{"start":{"line":9,"column":4},"end":{"line":11,"column":5}},{"start":{},"end":{}}]},"1":{"loc":{"start":{"line":9,"column":8},"end":{"line":9,"column":27}},"type":"binary-expr","locations":[{"start":{"line":9,"column":8},"end":{"line":9,"column":13}},{"start":{"line":9,"column":17},"end":{"line":9,"column":27}}]},"2":{"loc":{"start":{"line":13,"column":4},"end":{"line":15,"column":5}},"type":"if","locations":[{"start":{"line":13,"column":4},"end":{"line":15,"column":5}},{"start":{},"end":{}}]}},"s":{"0":4,"1":4,"2":4,"3":4,"4":4,"5":0,"6":4,"7":0,"8":4,"9":4},"f":{"0":4},"b":{"0":[0,4],"1":[4,4],"2":[0,4]}}
,"/home/robee/LibraryManagementSystem/src/Middlewares/userValidate.ts": {"path":"/home/robee/LibraryManagementSystem/src/Middlewares/userValidate.ts","statementMap":{"0":{"start":{"line":2,"column":0},"end":{"line":2,"column":61}},"1":{"start":{"line":5,"column":26},"end":{"line":44,"column":1}},"2":{"start":{"line":6,"column":4},"end":{"line":43,"column":5}},"3":{"start":{"line":7,"column":23},"end":{"line":7,"column":31}},"4":{"start":{"line":8,"column":35},"end":{"line":8,"column":37}},"5":{"start":{"line":9,"column":35},"end":{"line":9,"column":37}},"6":{"start":{"line":10,"column":29},"end":{"line":10,"column":31}},"7":{"start":{"line":11,"column":30},"end":{"line":11,"column":32}},"8":{"start":{"line":12,"column":8},"end":{"line":14,"column":9}},"9":{"start":{"line":13,"column":12},"end":{"line":13,"column":null}},"10":{"start":{"line":15,"column":8},"end":{"line":15,"column":null}},"11":{"start":{"line":15,"column":30},"end":{"line":15,"column":null}},"12":{"start":{"line":16,"column":8},"end":{"line":16,"column":null}},"13":{"start":{"line":16,"column":27},"end":{"line":16,"column":null}},"14":{"start":{"line":17,"column":8},"end":{"line":17,"column":null}},"15":{"start":{"line":17,"column":30},"end":{"line":17,"column":null}},"16":{"start":{"line":18,"column":8},"end":{"line":39,"column":9}},"17":{"start":{"line":19,"column":12},"end":{"line":22,"column":null}},"18":{"start":{"line":25,"column":12},"end":{"line":38,"column":13}},"19":{"start":{"line":26,"column":16},"end":{"line":26,"column":null}},"20":{"start":{"line":27,"column":16},"end":{"line":30,"column":null}},"21":{"start":{"line":33,"column":16},"end":{"line":33,"column":null}},"22":{"start":{"line":34,"column":16},"end":{"line":34,"column":null}},"23":{"start":{"line":35,"column":16},"end":{"line":35,"column":null}},"24":{"start":{"line":37,"column":16},"end":{"line":37,"column":null}},"25":{"start":{"line":41,"column":8},"end":{"line":41,"column":null}},"26":{"start":{"line":42,"column":8},"end":{"line":42,"column":null}},"27":{"start":{"line":5,"column":13},"end":{"line":5,"column":26}},"28":{"start":{"line":46,"column":31},"end":{"line":84,"column":1}},"29":{"start":{"line":47,"column":4},"end":{"line":83,"column":5}},"30":{"start":{"line":48,"column":35},"end":{"line":48,"column":37}},"31":{"start":{"line":49,"column":35},"end":{"line":49,"column":37}},"32":{"start":{"line":50,"column":30},"end":{"line":50,"column":32}},"33":{"start":{"line":51,"column":19},"end":{"line":51,"column":27}},"34":{"start":{"line":52,"column":9},"end":{"line":54,"column":9}},"35":{"start":{"line":53,"column":12},"end":{"line":53,"column":null}},"36":{"start":{"line":55,"column":8},"end":{"line":55,"column":null}},"37":{"start":{"line":55,"column":23},"end":{"line":55,"column":null}},"38":{"start":{"line":56,"column":8},"end":{"line":56,"column":null}},"39":{"start":{"line":56,"column":26},"end":{"line":56,"column":null}},"40":{"start":{"line":57,"column":14},"end":{"line":76,"column":9}},"41":{"start":{"line":58,"column":12},"end":{"line":61,"column":null}},"42":{"start":{"line":64,"column":12},"end":{"line":75,"column":13}},"43":{"start":{"line":65,"column":16},"end":{"line":65,"column":null}},"44":{"start":{"line":66,"column":16},"end":{"line":69,"column":null}},"45":{"start":{"line":72,"column":16},"end":{"line":72,"column":null}},"46":{"start":{"line":73,"column":16},"end":{"line":73,"column":null}},"47":{"start":{"line":74,"column":16},"end":{"line":74,"column":null}},"48":{"start":{"line":81,"column":9},"end":{"line":81,"column":null}},"49":{"start":{"line":82,"column":8},"end":{"line":82,"column":null}},"50":{"start":{"line":46,"column":13},"end":{"line":46,"column":31}}},"fnMap":{"0":{"name":"(anonymous_0)","decl":{"start":{"line":5,"column":26},"end":{"line":5,"column":31}},"loc":{"start":{"line":5,"column":77},"end":{"line":44,"column":1}}},"1":{"name":"(anonymous_1)","decl":{"start":{"line":46,"column":31},"end":{"line":46,"column":36}},"loc":{"start":{"line":46,"column":82},"end":{"line":84,"column":1}}}},"branchMap":{"0":{"loc":{"start":{"line":12,"column":8},"end":{"line":14,"column":9}},"type":"if","locations":[{"start":{"line":12,"column":8},"end":{"line":14,"column":9}},{"start":{},"end":{}}]},"1":{"loc":{"start":{"line":12,"column":11},"end":{"line":12,"column":55}},"type":"binary-expr","locations":[{"start":{"line":12,"column":11},"end":{"line":12,"column":20}},{"start":{"line":12,"column":24},"end":{"line":12,"column":55}}]},"2":{"loc":{"start":{"line":15,"column":8},"end":{"line":15,"column":null}},"type":"if","locations":[{"start":{"line":15,"column":8},"end":{"line":15,"column":null}},{"start":{},"end":{}}]},"3":{"loc":{"start":{"line":16,"column":8},"end":{"line":16,"column":null}},"type":"if","locations":[{"start":{"line":16,"column":8},"end":{"line":16,"column":null}},{"start":{},"end":{}}]},"4":{"loc":{"start":{"line":17,"column":8},"end":{"line":17,"column":null}},"type":"if","locations":[{"start":{"line":17,"column":8},"end":{"line":17,"column":null}},{"start":{},"end":{}}]},"5":{"loc":{"start":{"line":18,"column":8},"end":{"line":39,"column":9}},"type":"if","locations":[{"start":{"line":18,"column":8},"end":{"line":39,"column":9}},{"start":{"line":24,"column":12},"end":{"line":39,"column":9}}]},"6":{"loc":{"start":{"line":25,"column":12},"end":{"line":38,"column":13}},"type":"if","locations":[{"start":{"line":25,"column":12},"end":{"line":38,"column":13}},{"start":{"line":32,"column":16},"end":{"line":38,"column":13}}]},"7":{"loc":{"start":{"line":52,"column":9},"end":{"line":54,"column":9}},"type":"if","locations":[{"start":{"line":52,"column":9},"end":{"line":54,"column":9}},{"start":{},"end":{}}]},"8":{"loc":{"start":{"line":52,"column":12},"end":{"line":52,"column":48}},"type":"binary-expr","locations":[{"start":{"line":52,"column":12},"end":{"line":52,"column":17}},{"start":{"line":52,"column":21},"end":{"line":52,"column":48}}]},"9":{"loc":{"start":{"line":55,"column":8},"end":{"line":55,"column":null}},"type":"if","locations":[{"start":{"line":55,"column":8},"end":{"line":55,"column":null}},{"start":{},"end":{}}]},"10":{"loc":{"start":{"line":56,"column":8},"end":{"line":56,"column":null}},"type":"if","locations":[{"start":{"line":56,"column":8},"end":{"line":56,"column":null}},{"start":{},"end":{}}]},"11":{"loc":{"start":{"line":57,"column":14},"end":{"line":76,"column":9}},"type":"if","locations":[{"start":{"line":57,"column":14},"end":{"line":76,"column":9}},{"start":{"line":63,"column":12},"end":{"line":76,"column":9}}]},"12":{"loc":{"start":{"line":64,"column":12},"end":{"line":75,"column":13}},"type":"if","locations":[{"start":{"line":64,"column":12},"end":{"line":75,"column":13}},{"start":{"line":71,"column":16},"end":{"line":75,"column":13}}]}},"s":{"0":4,"1":4,"2":7,"3":7,"4":7,"5":7,"6":7,"7":7,"8":7,"9":0,"10":7,"11":0,"12":7,"13":0,"14":7,"15":0,"16":7,"17":0,"18":7,"19":0,"20":0,"21":7,"22":7,"23":7,"24":7,"25":0,"26":0,"27":4,"28":4,"29":8,"30":8,"31":8,"32":8,"33":8,"34":8,"35":0,"36":8,"37":0,"38":8,"39":0,"40":8,"41":0,"42":8,"43":0,"44":0,"45":8,"46":8,"47":8,"48":0,"49":0,"50":4},"f":{"0":7,"1":8},"b":{"0":[0,7],"1":[7,7],"2":[0,7],"3":[0,7],"4":[0,7],"5":[0,7],"6":[0,7],"7":[0,8],"8":[8,8],"9":[0,8],"10":[0,8],"11":[0,8],"12":[0,8]}}
,"/home/robee/LibraryManagementSystem/src/Utils/validateEmail.utils.ts": {"path":"/home/robee/LibraryManagementSystem/src/Utils/validateEmail.utils.ts","statementMap":{"0":{"start":{"line":1,"column":19},"end":{"line":1,"column":68}},"1":{"start":{"line":3,"column":29},"end":{"line":5,"column":1}},"2":{"start":{"line":4,"column":2},"end":{"line":4,"column":32}},"3":{"start":{"line":3,"column":13},"end":{"line":3,"column":29}}},"fnMap":{"0":{"name":"(anonymous_0)","decl":{"start":{"line":3,"column":29},"end":{"line":3,"column":30}},"loc":{"start":{"line":3,"column":56},"end":{"line":5,"column":1}}}},"branchMap":{},"s":{"0":4,"1":4,"2":15,"3":4},"f":{"0":15},"b":{}}
,"/home/robee/LibraryManagementSystem/src/config/database.ts": {"path":"/home/robee/LibraryManagementSystem/src/config/database.ts","statementMap":{"0":{"start":{"line":2,"column":0},"end":{"line":2,"column":28}},"1":{"start":{"line":3,"column":0},"end":{"line":3,"column":28}},"2":{"start":{"line":4,"column":0},"end":{"line":4,"column":24}},"3":{"start":{"line":5,"column":0},"end":{"line":5,"column":16}},"4":{"start":{"line":13,"column":3},"end":{"line":13,"column":14}},"5":{"start":{"line":15,"column":0},"end":{"line":15,"column":37}},"6":{"start":{"line":16,"column":0},"end":{"line":16,"column":45}},"7":{"start":{"line":17,"column":0},"end":{"line":17,"column":37}},"8":{"start":{"line":18,"column":0},"end":{"line":18,"column":41}},"9":{"start":{"line":19,"column":0},"end":{"line":19,"column":39}},"10":{"start":{"line":21,"column":13},"end":{"line":38,"column":null}},"11":{"start":{"line":40,"column":23},"end":{"line":48,"column":1}},"12":{"start":{"line":41,"column":4},"end":{"line":47,"column":5}},"13":{"start":{"line":42,"column":21},"end":{"line":42,"column":56}},"14":{"start":{"line":43,"column":8},"end":{"line":43,"column":20}},"15":{"start":{"line":45,"column":8},"end":{"line":45,"column":51}},"16":{"start":{"line":46,"column":8},"end":{"line":46,"column":null}},"17":{"start":{"line":40,"column":13},"end":{"line":40,"column":23}}},"fnMap":{"0":{"name":"(anonymous_1)","decl":{"start":{"line":40,"column":23},"end":{"line":40,"column":28}},"loc":{"start":{"line":40,"column":34},"end":{"line":48,"column":1}}}},"branchMap":{},"s":{"0":4,"1":4,"2":4,"3":4,"4":4,"5":4,"6":4,"7":4,"8":4,"9":4,"10":4,"11":4,"12":44,"13":44,"14":44,"15":0,"16":0,"17":4},"f":{"0":44},"b":{}}
,"/home/robee/LibraryManagementSystem/src/controllers/books.Controllers.ts": {"path":"/home/robee/LibraryManagementSystem/src/controllers/books.Controllers.ts","statementMap":{"0":{"start":{"line":3,"column":0},"end":{"line":3,"column":57}},"1":{"start":{"line":5,"column":13},"end":{"line":6,"column":90}},"2":{"start":{"line":6,"column":2},"end":{"line":6,"column":90}},"3":{"start":{"line":8,"column":27},"end":{"line":16,"column":1}},"4":{"start":{"line":9,"column":18},"end":{"line":13,"column":4}},"5":{"start":{"line":14,"column":16},"end":{"line":14,"column":54}},"6":{"start":{"line":15,"column":2},"end":{"line":15,"column":30}},"7":{"start":{"line":8,"column":13},"end":{"line":8,"column":27}},"8":{"start":{"line":18,"column":27},"end":{"line":26,"column":1}},"9":{"start":{"line":19,"column":13},"end":{"line":19,"column":34}},"10":{"start":{"line":20,"column":2},"end":{"line":20,"column":71}},"11":{"start":{"line":20,"column":17},"end":{"line":20,"column":71}},"12":{"start":{"line":22,"column":15},"end":{"line":22,"column":48}},"13":{"start":{"line":23,"column":2},"end":{"line":23,"column":66}},"14":{"start":{"line":23,"column":13},"end":{"line":23,"column":66}},"15":{"start":{"line":25,"column":2},"end":{"line":25,"column":29}},"16":{"start":{"line":18,"column":13},"end":{"line":18,"column":27}},"17":{"start":{"line":28,"column":26},"end":{"line":53,"column":1}},"18":{"start":{"line":29,"column":79},"end":{"line":29,"column":87}},"19":{"start":{"line":31,"column":2},"end":{"line":33,"column":3}},"20":{"start":{"line":32,"column":4},"end":{"line":32,"column":72}},"21":{"start":{"line":34,"column":2},"end":{"line":36,"column":3}},"22":{"start":{"line":35,"column":4},"end":{"line":35,"column":67}},"23":{"start":{"line":38,"column":2},"end":{"line":52,"column":3}},"24":{"start":{"line":39,"column":17},"end":{"line":45,"column":6}},"25":{"start":{"line":46,"column":4},"end":{"line":46,"column":31}},"26":{"start":{"line":48,"column":16},"end":{"line":50,"column":21}},"27":{"start":{"line":51,"column":4},"end":{"line":51,"column":37}},"28":{"start":{"line":28,"column":13},"end":{"line":28,"column":26}},"29":{"start":{"line":55,"column":26},"end":{"line":70,"column":1}},"30":{"start":{"line":56,"column":13},"end":{"line":56,"column":34}},"31":{"start":{"line":57,"column":2},"end":{"line":57,"column":71}},"32":{"start":{"line":57,"column":17},"end":{"line":57,"column":71}},"33":{"start":{"line":59,"column":2},"end":{"line":61,"column":3}},"34":{"start":{"line":60,"column":4},"end":{"line":60,"column":62}},"35":{"start":{"line":63,"column":2},"end":{"line":69,"column":3}},"36":{"start":{"line":64,"column":20},"end":{"line":64,"column":62}},"37":{"start":{"line":65,"column":4},"end":{"line":65,"column":71}},"38":{"start":{"line":65,"column":18},"end":{"line":65,"column":71}},"39":{"start":{"line":66,"column":4},"end":{"line":66,"column":34}},"40":{"start":{"line":68,"column":4},"end":{"line":68,"column":47}},"41":{"start":{"line":55,"column":13},"end":{"line":55,"column":26}},"42":{"start":{"line":72,"column":26},"end":{"line":80,"column":1}},"43":{"start":{"line":73,"column":13},"end":{"line":73,"column":34}},"44":{"start":{"line":74,"column":2},"end":{"line":74,"column":71}},"45":{"start":{"line":74,"column":17},"end":{"line":74,"column":71}},"46":{"start":{"line":76,"column":18},"end":{"line":76,"column":50}},"47":{"start":{"line":77,"column":2},"end":{"line":77,"column":93}},"48":{"start":{"line":77,"column":16},"end":{"line":77,"column":93}},"49":{"start":{"line":79,"column":2},"end":{"line":79,"column":58}},"50":{"start":{"line":72,"column":13},"end":{"line":72,"column":26}}},"fnMap":{"0":{"name":"(anonymous_9)","decl":{"start":{"line":5,"column":13},"end":{"line":5,"column":14}},"loc":{"start":{"line":6,"column":2},"end":{"line":6,"column":90}}},"1":{"name":"(anonymous_10)","decl":{"start":{"line":8,"column":27},"end":{"line":8,"column":32}},"loc":{"start":{"line":8,"column":65},"end":{"line":16,"column":1}}},"2":{"name":"(anonymous_11)","decl":{"start":{"line":18,"column":27},"end":{"line":18,"column":32}},"loc":{"start":{"line":18,"column":65},"end":{"line":26,"column":1}}},"3":{"name":"(anonymous_12)","decl":{"start":{"line":28,"column":26},"end":{"line":28,"column":31}},"loc":{"start":{"line":28,"column":64},"end":{"line":53,"column":1}}},"4":{"name":"(anonymous_13)","decl":{"start":{"line":55,"column":26},"end":{"line":55,"column":31}},"loc":{"start":{"line":55,"column":64},"end":{"line":70,"column":1}}},"5":{"name":"(anonymous_14)","decl":{"start":{"line":72,"column":26},"end":{"line":72,"column":31}},"loc":{"start":{"line":72,"column":64},"end":{"line":80,"column":1}}}},"branchMap":{"0":{"loc":{"start":{"line":6,"column":41},"end":{"line":6,"column":57}},"type":"binary-expr","locations":[{"start":{"line":6,"column":41},"end":{"line":6,"column":45}},{"start":{"line":6,"column":49},"end":{"line":6,"column":57}}]},"1":{"loc":{"start":{"line":6,"column":64},"end":{"line":6,"column":86}},"type":"binary-expr","locations":[{"start":{"line":6,"column":64},"end":{"line":6,"column":71}},{"start":{"line":6,"column":75},"end":{"line":6,"column":86}}]},"2":{"loc":{"start":{"line":12,"column":17},"end":{"line":12,"column":82}},"type":"cond-expr","locations":[{"start":{"line":12,"column":41},"end":{"line":12,"column":70}},{"start":{"line":12,"column":73},"end":{"line":12,"column":82}}]},"3":{"loc":{"start":{"line":20,"column":2},"end":{"line":20,"column":71}},"type":"if","locations":[{"start":{"line":20,"column":2},"end":{"line":20,"column":71}},{"start":{},"end":{}}]},"4":{"loc":{"start":{"line":23,"column":2},"end":{"line":23,"column":66}},"type":"if","locations":[{"start":{"line":23,"column":2},"end":{"line":23,"column":66}},{"start":{},"end":{}}]},"5":{"loc":{"start":{"line":29,"column":56},"end":{"line":29,"column":74}},"type":"default-arg","locations":[{"start":{"line":29,"column":73},"end":{"line":29,"column":74}}]},"6":{"loc":{"start":{"line":31,"column":2},"end":{"line":33,"column":3}},"type":"if","locations":[{"start":{"line":31,"column":2},"end":{"line":33,"column":3}},{"start":{},"end":{}}]},"7":{"loc":{"start":{"line":31,"column":6},"end":{"line":31,"column":39}},"type":"binary-expr","locations":[{"start":{"line":31,"column":6},"end":{"line":31,"column":20}},{"start":{"line":31,"column":24},"end":{"line":31,"column":39}}]},"8":{"loc":{"start":{"line":34,"column":2},"end":{"line":36,"column":3}},"type":"if","locations":[{"start":{"line":34,"column":2},"end":{"line":36,"column":3}},{"start":{},"end":{}}]},"9":{"loc":{"start":{"line":42,"column":19},"end":{"line":42,"column":59}},"type":"cond-expr","locations":[{"start":{"line":42,"column":33},"end":{"line":42,"column":52}},{"start":{"line":42,"column":55},"end":{"line":42,"column":59}}]},"10":{"loc":{"start":{"line":43,"column":24},"end":{"line":43,"column":74}},"type":"cond-expr","locations":[{"start":{"line":43,"column":43},"end":{"line":43,"column":67}},{"start":{"line":43,"column":70},"end":{"line":43,"column":74}}]},"11":{"loc":{"start":{"line":48,"column":16},"end":{"line":50,"column":21}},"type":"cond-expr","locations":[{"start":{"line":49,"column":8},"end":{"line":49,"column":56}},{"start":{"line":50,"column":8},"end":{"line":50,"column":21}}]},"12":{"loc":{"start":{"line":57,"column":2},"end":{"line":57,"column":71}},"type":"if","locations":[{"start":{"line":57,"column":2},"end":{"line":57,"column":71}},{"start":{},"end":{}}]},"13":{"loc":{"start":{"line":59,"column":2},"end":{"line":61,"column":3}},"type":"if","locations":[{"start":{"line":59,"column":2},"end":{"line":61,"column":3}},{"start":{},"end":{}}]},"14":{"loc":{"start":{"line":65,"column":4},"end":{"line":65,"column":71}},"type":"if","locations":[{"start":{"line":65,"column":4},"end":{"line":65,"column":71}},{"start":{},"end":{}}]},"15":{"loc":{"start":{"line":74,"column":2},"end":{"line":74,"column":71}},"type":"if","locations":[{"start":{"line":74,"column":2},"end":{"line":74,"column":71}},{"start":{},"end":{}}]},"16":{"loc":{"start":{"line":77,"column":2},"end":{"line":77,"column":93}},"type":"if","locations":[{"start":{"line":77,"column":2},"end":{"line":77,"column":93}},{"start":{},"end":{}}]}},"s":{"0":4,"1":4,"2":6,"3":4,"4":1,"5":1,"6":1,"7":4,"8":4,"9":1,"10":1,"11":0,"12":1,"13":1,"14":0,"15":1,"16":4,"17":4,"18":4,"19":4,"20":0,"21":4,"22":0,"23":4,"24":4,"25":4,"26":0,"27":0,"28":4,"29":4,"30":0,"31":0,"32":0,"33":0,"34":0,"35":0,"36":0,"37":0,"38":0,"39":0,"40":0,"41":4,"42":4,"43":0,"44":0,"45":0,"46":0,"47":0,"48":0,"49":0,"50":4},"f":{"0":6,"1":1,"2":1,"3":4,"4":0,"5":0},"b":{"0":[6,6],"1":[6,0],"2":[0,1],"3":[0,1],"4":[0,1],"5":[0],"6":[0,4],"7":[4,4],"8":[0,4],"9":[0,4],"10":[0,4],"11":[0,0],"12":[0,0],"13":[0,0],"14":[0,0],"15":[0,0],"16":[0,0]}}
,"/home/robee/LibraryManagementSystem/src/controllers/borrowrecords.Controllers.ts": {"path":"/home/robee/LibraryManagementSystem/src/controllers/borrowrecords.Controllers.ts","statementMap":{"0":{"start":{"line":3,"column":0},"end":{"line":3,"column":67}},"1":{"start":{"line":5,"column":26},"end":{"line":19,"column":1}},"2":{"start":{"line":6,"column":2},"end":{"line":18,"column":3}},"3":{"start":{"line":7,"column":24},"end":{"line":7,"column":32}},"4":{"start":{"line":8,"column":21},"end":{"line":8,"column":40}},"5":{"start":{"line":10,"column":4},"end":{"line":12,"column":5}},"6":{"start":{"line":11,"column":6},"end":{"line":11,"column":86}},"7":{"start":{"line":14,"column":19},"end":{"line":14,"column":71}},"8":{"start":{"line":15,"column":4},"end":{"line":15,"column":40}},"9":{"start":{"line":17,"column":4},"end":{"line":17,"column":76}},"10":{"start":{"line":5,"column":13},"end":{"line":5,"column":26}},"11":{"start":{"line":21,"column":26},"end":{"line":32,"column":1}},"12":{"start":{"line":22,"column":2},"end":{"line":31,"column":3}},"13":{"start":{"line":23,"column":22},"end":{"line":23,"column":50}},"14":{"start":{"line":24,"column":21},"end":{"line":24,"column":40}},"15":{"start":{"line":25,"column":23},"end":{"line":25,"column":44}},"16":{"start":{"line":27,"column":19},"end":{"line":27,"column":80}},"17":{"start":{"line":28,"column":4},"end":{"line":28,"column":40}},"18":{"start":{"line":30,"column":4},"end":{"line":30,"column":76}},"19":{"start":{"line":21,"column":13},"end":{"line":21,"column":26}},"20":{"start":{"line":34,"column":28},"end":{"line":37,"column":1}},"21":{"start":{"line":35,"column":19},"end":{"line":35,"column":38}},"22":{"start":{"line":36,"column":2},"end":{"line":36,"column":53}},"23":{"start":{"line":34,"column":13},"end":{"line":34,"column":28}},"24":{"start":{"line":39,"column":29},"end":{"line":41,"column":1}},"25":{"start":{"line":40,"column":2},"end":{"line":40,"column":44}},"26":{"start":{"line":39,"column":13},"end":{"line":39,"column":29}},"27":{"start":{"line":43,"column":29},"end":{"line":50,"column":1}},"28":{"start":{"line":44,"column":2},"end":{"line":49,"column":3}},"29":{"start":{"line":45,"column":20},"end":{"line":45,"column":58}},"30":{"start":{"line":46,"column":4},"end":{"line":46,"column":66}},"31":{"start":{"line":48,"column":4},"end":{"line":48,"column":76}},"32":{"start":{"line":52,"column":29},"end":{"line":61,"column":1}},"33":{"start":{"line":53,"column":2},"end":{"line":60,"column":3}},"34":{"start":{"line":54,"column":15},"end":{"line":54,"column":43}},"35":{"start":{"line":55,"column":19},"end":{"line":55,"column":56}},"36":{"start":{"line":56,"column":4},"end":{"line":56,"column":101}},"37":{"start":{"line":56,"column":17},"end":{"line":56,"column":101}},"38":{"start":{"line":57,"column":4},"end":{"line":57,"column":65}},"39":{"start":{"line":59,"column":4},"end":{"line":59,"column":76}},"40":{"start":{"line":52,"column":13},"end":{"line":52,"column":29}},"41":{"start":{"line":63,"column":28},"end":{"line":71,"column":1}},"42":{"start":{"line":64,"column":2},"end":{"line":70,"column":3}},"43":{"start":{"line":65,"column":15},"end":{"line":65,"column":43}},"44":{"start":{"line":66,"column":4},"end":{"line":66,"column":41}},"45":{"start":{"line":67,"column":4},"end":{"line":67,"column":85}},"46":{"start":{"line":69,"column":4},"end":{"line":69,"column":76}},"47":{"start":{"line":63,"column":13},"end":{"line":63,"column":28}}},"fnMap":{"0":{"name":"(anonymous_9)","decl":{"start":{"line":5,"column":26},"end":{"line":5,"column":31}},"loc":{"start":{"line":5,"column":64},"end":{"line":19,"column":1}}},"1":{"name":"(anonymous_10)","decl":{"start":{"line":21,"column":26},"end":{"line":21,"column":31}},"loc":{"start":{"line":21,"column":64},"end":{"line":32,"column":1}}},"2":{"name":"(anonymous_11)","decl":{"start":{"line":34,"column":28},"end":{"line":34,"column":33}},"loc":{"start":{"line":34,"column":66},"end":{"line":37,"column":1}}},"3":{"name":"(anonymous_12)","decl":{"start":{"line":39,"column":29},"end":{"line":39,"column":30}},"loc":{"start":{"line":39,"column":61},"end":{"line":41,"column":1}}},"4":{"name":"(anonymous_13)","decl":{"start":{"line":43,"column":29},"end":{"line":43,"column":34}},"loc":{"start":{"line":43,"column":80},"end":{"line":50,"column":1}}},"5":{"name":"(anonymous_14)","decl":{"start":{"line":52,"column":29},"end":{"line":52,"column":34}},"loc":{"start":{"line":52,"column":67},"end":{"line":61,"column":1}}},"6":{"name":"(anonymous_15)","decl":{"start":{"line":63,"column":28},"end":{"line":63,"column":33}},"loc":{"start":{"line":63,"column":66},"end":{"line":71,"column":1}}}},"branchMap":{"0":{"loc":{"start":{"line":10,"column":4},"end":{"line":12,"column":5}},"type":"if","locations":[{"start":{"line":10,"column":4},"end":{"line":12,"column":5}},{"start":{},"end":{}}]},"1":{"loc":{"start":{"line":56,"column":4},"end":{"line":56,"column":101}},"type":"if","locations":[{"start":{"line":56,"column":4},"end":{"line":56,"column":101}},{"start":{},"end":{}}]}},"s":{"0":4,"1":4,"2":13,"3":13,"4":13,"5":13,"6":0,"7":13,"8":10,"9":3,"10":4,"11":4,"12":1,"13":1,"14":1,"15":1,"16":1,"17":1,"18":0,"19":4,"20":4,"21":1,"22":1,"23":4,"24":4,"25":0,"26":4,"27":4,"28":1,"29":1,"30":1,"31":0,"32":4,"33":0,"34":0,"35":0,"36":0,"37":0,"38":0,"39":0,"40":4,"41":4,"42":0,"43":0,"44":0,"45":0,"46":0,"47":4},"f":{"0":13,"1":1,"2":1,"3":0,"4":1,"5":0,"6":0},"b":{"0":[0,13],"1":[0,0]}}
,"/home/robee/LibraryManagementSystem/src/controllers/categories.Controllers.ts": {"path":"/home/robee/LibraryManagementSystem/src/controllers/categories.Controllers.ts","statementMap":{"0":{"start":{"line":3,"column":0},"end":{"line":3,"column":61}},"1":{"start":{"line":5,"column":13},"end":{"line":6,"column":90}},"2":{"start":{"line":6,"column":2},"end":{"line":6,"column":90}},"3":{"start":{"line":8,"column":32},"end":{"line":11,"column":1}},"4":{"start":{"line":9,"column":21},"end":{"line":9,"column":56}},"5":{"start":{"line":10,"column":2},"end":{"line":10,"column":35}},"6":{"start":{"line":8,"column":13},"end":{"line":8,"column":32}},"7":{"start":{"line":13,"column":31},"end":{"line":21,"column":1}},"8":{"start":{"line":14,"column":13},"end":{"line":14,"column":34}},"9":{"start":{"line":15,"column":2},"end":{"line":15,"column":75}},"10":{"start":{"line":15,"column":17},"end":{"line":15,"column":75}},"11":{"start":{"line":17,"column":19},"end":{"line":17,"column":55}},"12":{"start":{"line":18,"column":2},"end":{"line":18,"column":74}},"13":{"start":{"line":18,"column":17},"end":{"line":18,"column":74}},"14":{"start":{"line":20,"column":2},"end":{"line":20,"column":33}},"15":{"start":{"line":13,"column":13},"end":{"line":13,"column":31}},"16":{"start":{"line":23,"column":30},"end":{"line":34,"column":1}},"17":{"start":{"line":24,"column":32},"end":{"line":24,"column":40}},"18":{"start":{"line":25,"column":2},"end":{"line":25,"column":85}},"19":{"start":{"line":25,"column":21},"end":{"line":25,"column":85}},"20":{"start":{"line":27,"column":2},"end":{"line":33,"column":3}},"21":{"start":{"line":28,"column":21},"end":{"line":28,"column":109}},"22":{"start":{"line":29,"column":4},"end":{"line":29,"column":35}},"23":{"start":{"line":31,"column":16},"end":{"line":31,"column":97}},"24":{"start":{"line":32,"column":4},"end":{"line":32,"column":37}},"25":{"start":{"line":23,"column":13},"end":{"line":23,"column":30}},"26":{"start":{"line":36,"column":30},"end":{"line":50,"column":1}},"27":{"start":{"line":37,"column":13},"end":{"line":37,"column":34}},"28":{"start":{"line":38,"column":2},"end":{"line":38,"column":75}},"29":{"start":{"line":38,"column":17},"end":{"line":38,"column":75}},"30":{"start":{"line":40,"column":32},"end":{"line":40,"column":40}},"31":{"start":{"line":41,"column":2},"end":{"line":41,"column":98}},"32":{"start":{"line":41,"column":29},"end":{"line":41,"column":98}},"33":{"start":{"line":43,"column":2},"end":{"line":49,"column":3}},"34":{"start":{"line":44,"column":20},"end":{"line":44,"column":113}},"35":{"start":{"line":45,"column":4},"end":{"line":45,"column":75}},"36":{"start":{"line":45,"column":18},"end":{"line":45,"column":75}},"37":{"start":{"line":46,"column":4},"end":{"line":46,"column":34}},"38":{"start":{"line":48,"column":4},"end":{"line":48,"column":64}},"39":{"start":{"line":36,"column":13},"end":{"line":36,"column":30}},"40":{"start":{"line":52,"column":30},"end":{"line":60,"column":1}},"41":{"start":{"line":53,"column":13},"end":{"line":53,"column":34}},"42":{"start":{"line":54,"column":2},"end":{"line":54,"column":75}},"43":{"start":{"line":54,"column":17},"end":{"line":54,"column":75}},"44":{"start":{"line":56,"column":18},"end":{"line":56,"column":53}},"45":{"start":{"line":57,"column":2},"end":{"line":57,"column":105}},"46":{"start":{"line":57,"column":16},"end":{"line":57,"column":105}},"47":{"start":{"line":59,"column":2},"end":{"line":59,"column":62}},"48":{"start":{"line":52,"column":13},"end":{"line":52,"column":30}}},"fnMap":{"0":{"name":"(anonymous_9)","decl":{"start":{"line":5,"column":13},"end":{"line":5,"column":14}},"loc":{"start":{"line":6,"column":2},"end":{"line":6,"column":90}}},"1":{"name":"(anonymous_10)","decl":{"start":{"line":8,"column":32},"end":{"line":8,"column":37}},"loc":{"start":{"line":8,"column":68},"end":{"line":11,"column":1}}},"2":{"name":"(anonymous_11)","decl":{"start":{"line":13,"column":31},"end":{"line":13,"column":36}},"loc":{"start":{"line":13,"column":69},"end":{"line":21,"column":1}}},"3":{"name":"(anonymous_12)","decl":{"start":{"line":23,"column":30},"end":{"line":23,"column":35}},"loc":{"start":{"line":23,"column":68},"end":{"line":34,"column":1}}},"4":{"name":"(anonymous_13)","decl":{"start":{"line":36,"column":30},"end":{"line":36,"column":35}},"loc":{"start":{"line":36,"column":68},"end":{"line":50,"column":1}}},"5":{"name":"(anonymous_14)","decl":{"start":{"line":52,"column":30},"end":{"line":52,"column":35}},"loc":{"start":{"line":52,"column":68},"end":{"line":60,"column":1}}}},"branchMap":{"0":{"loc":{"start":{"line":6,"column":41},"end":{"line":6,"column":57}},"type":"binary-expr","locations":[{"start":{"line":6,"column":41},"end":{"line":6,"column":45}},{"start":{"line":6,"column":49},"end":{"line":6,"column":57}}]},"1":{"loc":{"start":{"line":6,"column":64},"end":{"line":6,"column":86}},"type":"binary-expr","locations":[{"start":{"line":6,"column":64},"end":{"line":6,"column":71}},{"start":{"line":6,"column":75},"end":{"line":6,"column":86}}]},"2":{"loc":{"start":{"line":15,"column":2},"end":{"line":15,"column":75}},"type":"if","locations":[{"start":{"line":15,"column":2},"end":{"line":15,"column":75}},{"start":{},"end":{}}]},"3":{"loc":{"start":{"line":18,"column":2},"end":{"line":18,"column":74}},"type":"if","locations":[{"start":{"line":18,"column":2},"end":{"line":18,"column":74}},{"start":{},"end":{}}]},"4":{"loc":{"start":{"line":25,"column":2},"end":{"line":25,"column":85}},"type":"if","locations":[{"start":{"line":25,"column":2},"end":{"line":25,"column":85}},{"start":{},"end":{}}]},"5":{"loc":{"start":{"line":31,"column":16},"end":{"line":31,"column":97}},"type":"cond-expr","locations":[{"start":{"line":31,"column":51},"end":{"line":31,"column":81}},{"start":{"line":31,"column":84},"end":{"line":31,"column":97}}]},"6":{"loc":{"start":{"line":38,"column":2},"end":{"line":38,"column":75}},"type":"if","locations":[{"start":{"line":38,"column":2},"end":{"line":38,"column":75}},{"start":{},"end":{}}]},"7":{"loc":{"start":{"line":41,"column":2},"end":{"line":41,"column":98}},"type":"if","locations":[{"start":{"line":41,"column":2},"end":{"line":41,"column":98}},{"start":{},"end":{}}]},"8":{"loc":{"start":{"line":41,"column":6},"end":{"line":41,"column":27}},"type":"binary-expr","locations":[{"start":{"line":41,"column":6},"end":{"line":41,"column":11}},{"start":{"line":41,"column":15},"end":{"line":41,"column":27}}]},"9":{"loc":{"start":{"line":45,"column":4},"end":{"line":45,"column":75}},"type":"if","locations":[{"start":{"line":45,"column":4},"end":{"line":45,"column":75}},{"start":{},"end":{}}]},"10":{"loc":{"start":{"line":54,"column":2},"end":{"line":54,"column":75}},"type":"if","locations":[{"start":{"line":54,"column":2},"end":{"line":54,"column":75}},{"start":{},"end":{}}]},"11":{"loc":{"start":{"line":57,"column":2},"end":{"line":57,"column":105}},"type":"if","locations":[{"start":{"line":57,"column":2},"end":{"line":57,"column":105}},{"start":{},"end":{}}]}},"s":{"0":4,"1":4,"2":0,"3":4,"4":0,"5":0,"6":4,"7":4,"8":0,"9":0,"10":0,"11":0,"12":0,"13":0,"14":0,"15":4,"16":4,"17":0,"18":0,"19":0,"20":0,"21":0,"22":0,"23":0,"24":0,"25":4,"26":4,"27":0,"28":0,"29":0,"30":0,"31":0,"32":0,"33":0,"34":0,"35":0,"36":0,"37":0,"38":0,"39":4,"40":4,"41":0,"42":0,"43":0,"44":0,"45":0,"46":0,"47":0,"48":4},"f":{"0":0,"1":0,"2":0,"3":0,"4":0,"5":0},"b":{"0":[0,0],"1":[0,0],"2":[0,0],"3":[0,0],"4":[0,0],"5":[0,0],"6":[0,0],"7":[0,0],"8":[0,0],"9":[0,0],"10":[0,0],"11":[0,0]}}
,"/home/robee/LibraryManagementSystem/src/controllers/comments.Controllers.ts": {"path":"/home/robee/LibraryManagementSystem/src/controllers/comments.Controllers.ts","statementMap":{"0":{"start":{"line":3,"column":0},"end":{"line":3,"column":63}},"1":{"start":{"line":5,"column":18},"end":{"line":7,"column":1}},"2":{"start":{"line":6,"column":2},"end":{"line":6,"column":55}},"3":{"start":{"line":9,"column":30},"end":{"line":16,"column":1}},"4":{"start":{"line":10,"column":2},"end":{"line":15,"column":3}},"5":{"start":{"line":11,"column":21},"end":{"line":11,"column":58}},"6":{"start":{"line":12,"column":4},"end":{"line":12,"column":60}},"7":{"start":{"line":14,"column":4},"end":{"line":14,"column":57}},"8":{"start":{"line":9,"column":13},"end":{"line":9,"column":30}},"9":{"start":{"line":18,"column":33},"end":{"line":28,"column":1}},"10":{"start":{"line":19,"column":2},"end":{"line":27,"column":3}},"11":{"start":{"line":20,"column":20},"end":{"line":20,"column":46}},"12":{"start":{"line":21,"column":4},"end":{"line":21,"column":70}},"13":{"start":{"line":21,"column":24},"end":{"line":21,"column":70}},"14":{"start":{"line":23,"column":21},"end":{"line":23,"column":68}},"15":{"start":{"line":24,"column":4},"end":{"line":24,"column":60}},"16":{"start":{"line":26,"column":4},"end":{"line":26,"column":39}},"17":{"start":{"line":18,"column":13},"end":{"line":18,"column":33}},"18":{"start":{"line":30,"column":30},"end":{"line":42,"column":1}},"19":{"start":{"line":31,"column":2},"end":{"line":41,"column":3}},"20":{"start":{"line":32,"column":15},"end":{"line":32,"column":36}},"21":{"start":{"line":33,"column":4},"end":{"line":33,"column":68}},"22":{"start":{"line":33,"column":19},"end":{"line":33,"column":68}},"23":{"start":{"line":35,"column":20},"end":{"line":35,"column":59}},"24":{"start":{"line":36,"column":4},"end":{"line":36,"column":66}},"25":{"start":{"line":36,"column":18},"end":{"line":36,"column":66}},"26":{"start":{"line":38,"column":4},"end":{"line":38,"column":59}},"27":{"start":{"line":40,"column":4},"end":{"line":40,"column":39}},"28":{"start":{"line":30,"column":13},"end":{"line":30,"column":30}},"29":{"start":{"line":44,"column":29},"end":{"line":67,"column":1}},"30":{"start":{"line":45,"column":2},"end":{"line":66,"column":3}},"31":{"start":{"line":46,"column":21},"end":{"line":46,"column":40}},"32":{"start":{"line":47,"column":41},"end":{"line":47,"column":49}},"33":{"start":{"line":49,"column":4},"end":{"line":51,"column":5}},"34":{"start":{"line":50,"column":6},"end":{"line":50,"column":68}},"35":{"start":{"line":52,"column":4},"end":{"line":54,"column":5}},"36":{"start":{"line":53,"column":6},"end":{"line":53,"column":67}},"37":{"start":{"line":56,"column":23},"end":{"line":61,"column":6}},"38":{"start":{"line":63,"column":4},"end":{"line":63,"column":62}},"39":{"start":{"line":65,"column":4},"end":{"line":65,"column":69}},"40":{"start":{"line":44,"column":13},"end":{"line":44,"column":29}},"41":{"start":{"line":69,"column":29},"end":{"line":102,"column":1}},"42":{"start":{"line":70,"column":2},"end":{"line":101,"column":3}},"43":{"start":{"line":71,"column":15},"end":{"line":71,"column":36}},"44":{"start":{"line":72,"column":4},"end":{"line":74,"column":5}},"45":{"start":{"line":73,"column":6},"end":{"line":73,"column":55}},"46":{"start":{"line":76,"column":21},"end":{"line":76,"column":40}},"47":{"start":{"line":77,"column":23},"end":{"line":77,"column":44}},"48":{"start":{"line":79,"column":20},"end":{"line":79,"column":28}},"49":{"start":{"line":82,"column":4},"end":{"line":86,"column":5}},"50":{"start":{"line":83,"column":6},"end":{"line":85,"column":7}},"51":{"start":{"line":84,"column":8},"end":{"line":84,"column":80}},"52":{"start":{"line":88,"column":20},"end":{"line":88,"column":87}},"53":{"start":{"line":91,"column":4},"end":{"line":93,"column":5}},"54":{"start":{"line":92,"column":6},"end":{"line":92,"column":97}},"55":{"start":{"line":96,"column":4},"end":{"line":96,"column":59}},"56":{"start":{"line":99,"column":4},"end":{"line":99,"column":63}},"57":{"start":{"line":100,"column":4},"end":{"line":100,"column":49}},"58":{"start":{"line":69,"column":13},"end":{"line":69,"column":29}},"59":{"start":{"line":104,"column":29},"end":{"line":117,"column":1}},"60":{"start":{"line":105,"column":2},"end":{"line":116,"column":3}},"61":{"start":{"line":106,"column":15},"end":{"line":106,"column":36}},"62":{"start":{"line":107,"column":21},"end":{"line":107,"column":40}},"63":{"start":{"line":108,"column":23},"end":{"line":108,"column":44}},"64":{"start":{"line":110,"column":20},"end":{"line":110,"column":78}},"65":{"start":{"line":111,"column":4},"end":{"line":111,"column":82}},"66":{"start":{"line":111,"column":18},"end":{"line":111,"column":82}},"67":{"start":{"line":113,"column":4},"end":{"line":113,"column":72}},"68":{"start":{"line":115,"column":4},"end":{"line":115,"column":40}},"69":{"start":{"line":104,"column":13},"end":{"line":104,"column":29}}},"fnMap":{"0":{"name":"(anonymous_9)","decl":{"start":{"line":5,"column":18},"end":{"line":5,"column":19}},"loc":{"start":{"line":5,"column":69},"end":{"line":7,"column":1}}},"1":{"name":"(anonymous_10)","decl":{"start":{"line":9,"column":30},"end":{"line":9,"column":35}},"loc":{"start":{"line":9,"column":68},"end":{"line":16,"column":1}}},"2":{"name":"(anonymous_11)","decl":{"start":{"line":18,"column":33},"end":{"line":18,"column":38}},"loc":{"start":{"line":18,"column":71},"end":{"line":28,"column":1}}},"3":{"name":"(anonymous_12)","decl":{"start":{"line":30,"column":30},"end":{"line":30,"column":35}},"loc":{"start":{"line":30,"column":68},"end":{"line":42,"column":1}}},"4":{"name":"(anonymous_13)","decl":{"start":{"line":44,"column":29},"end":{"line":44,"column":34}},"loc":{"start":{"line":44,"column":67},"end":{"line":67,"column":1}}},"5":{"name":"(anonymous_14)","decl":{"start":{"line":69,"column":29},"end":{"line":69,"column":34}},"loc":{"start":{"line":69,"column":67},"end":{"line":102,"column":1}}},"6":{"name":"(anonymous_15)","decl":{"start":{"line":104,"column":29},"end":{"line":104,"column":34}},"loc":{"start":{"line":104,"column":67},"end":{"line":117,"column":1}}}},"branchMap":{"0":{"loc":{"start":{"line":14,"column":24},"end":{"line":14,"column":55}},"type":"binary-expr","locations":[{"start":{"line":14,"column":24},"end":{"line":14,"column":37}},{"start":{"line":14,"column":41},"end":{"line":14,"column":55}}]},"1":{"loc":{"start":{"line":21,"column":4},"end":{"line":21,"column":70}},"type":"if","locations":[{"start":{"line":21,"column":4},"end":{"line":21,"column":70}},{"start":{},"end":{}}]},"2":{"loc":{"start":{"line":33,"column":4},"end":{"line":33,"column":68}},"type":"if","locations":[{"start":{"line":33,"column":4},"end":{"line":33,"column":68}},{"start":{},"end":{}}]},"3":{"loc":{"start":{"line":36,"column":4},"end":{"line":36,"column":66}},"type":"if","locations":[{"start":{"line":36,"column":4},"end":{"line":36,"column":66}},{"start":{},"end":{}}]},"4":{"loc":{"start":{"line":49,"column":4},"end":{"line":51,"column":5}},"type":"if","locations":[{"start":{"line":49,"column":4},"end":{"line":51,"column":5}},{"start":{},"end":{}}]},"5":{"loc":{"start":{"line":49,"column":8},"end":{"line":49,"column":27}},"type":"binary-expr","locations":[{"start":{"line":49,"column":8},"end":{"line":49,"column":16}},{"start":{"line":49,"column":20},"end":{"line":49,"column":27}}]},"6":{"loc":{"start":{"line":52,"column":4},"end":{"line":54,"column":5}},"type":"if","locations":[{"start":{"line":52,"column":4},"end":{"line":54,"column":5}},{"start":{},"end":{}}]},"7":{"loc":{"start":{"line":52,"column":8},"end":{"line":52,"column":32}},"type":"binary-expr","locations":[{"start":{"line":52,"column":8},"end":{"line":52,"column":18}},{"start":{"line":52,"column":22},"end":{"line":52,"column":32}}]},"8":{"loc":{"start":{"line":60,"column":15},"end":{"line":60,"column":38}},"type":"binary-expr","locations":[{"start":{"line":60,"column":15},"end":{"line":60,"column":30}},{"start":{"line":60,"column":34},"end":{"line":60,"column":38}}]},"9":{"loc":{"start":{"line":65,"column":24},"end":{"line":65,"column":67}},"type":"binary-expr","locations":[{"start":{"line":65,"column":24},"end":{"line":65,"column":37}},{"start":{"line":65,"column":41},"end":{"line":65,"column":67}}]},"10":{"loc":{"start":{"line":72,"column":4},"end":{"line":74,"column":5}},"type":"if","locations":[{"start":{"line":72,"column":4},"end":{"line":74,"column":5}},{"start":{},"end":{}}]},"11":{"loc":{"start":{"line":82,"column":4},"end":{"line":86,"column":5}},"type":"if","locations":[{"start":{"line":82,"column":4},"end":{"line":86,"column":5}},{"start":{},"end":{}}]},"12":{"loc":{"start":{"line":83,"column":6},"end":{"line":85,"column":7}},"type":"if","locations":[{"start":{"line":83,"column":6},"end":{"line":85,"column":7}},{"start":{},"end":{}}]},"13":{"loc":{"start":{"line":83,"column":10},"end":{"line":83,"column":87}},"type":"binary-expr","locations":[{"start":{"line":83,"column":10},"end":{"line":83,"column":43}},{"start":{"line":83,"column":47},"end":{"line":83,"column":65}},{"start":{"line":83,"column":69},"end":{"line":83,"column":87}}]},"14":{"loc":{"start":{"line":91,"column":4},"end":{"line":93,"column":5}},"type":"if","locations":[{"start":{"line":91,"column":4},"end":{"line":93,"column":5}},{"start":{},"end":{}}]},"15":{"loc":{"start":{"line":111,"column":4},"end":{"line":111,"column":82}},"type":"if","locations":[{"start":{"line":111,"column":4},"end":{"line":111,"column":82}},{"start":{},"end":{}}]}},"s":{"0":4,"1":4,"2":0,"3":4,"4":0,"5":0,"6":0,"7":0,"8":4,"9":4,"10":0,"11":0,"12":0,"13":0,"14":0,"15":0,"16":0,"17":4,"18":4,"19":0,"20":0,"21":0,"22":0,"23":0,"24":0,"25":0,"26":0,"27":0,"28":4,"29":4,"30":1,"31":1,"32":1,"33":1,"34":0,"35":1,"36":0,"37":1,"38":1,"39":0,"40":4,"41":4,"42":0,"43":0,"44":0,"45":0,"46":0,"47":0,"48":0,"49":0,"50":0,"51":0,"52":0,"53":0,"54":0,"55":0,"56":0,"57":0,"58":4,"59":4,"60":0,"61":0,"62":0,"63":0,"64":0,"65":0,"66":0,"67":0,"68":0,"69":4},"f":{"0":0,"1":0,"2":0,"3":0,"4":1,"5":0,"6":0},"b":{"0":[0,0],"1":[0,0],"2":[0,0],"3":[0,0],"4":[0,1],"5":[1,1],"6":[0,1],"7":[1,1],"8":[1,0],"9":[0,0],"10":[0,0],"11":[0,0],"12":[0,0],"13":[0,0,0],"14":[0,0],"15":[0,0]}}
,"/home/robee/LibraryManagementSystem/src/controllers/users.Controllers.ts": {"path":"/home/robee/LibraryManagementSystem/src/controllers/users.Controllers.ts","statementMap":{"0":{"start":{"line":3,"column":0},"end":{"line":3,"column":57}},"1":{"start":{"line":5,"column":26},"end":{"line":13,"column":1}},"2":{"start":{"line":6,"column":17},"end":{"line":6,"column":57}},"3":{"start":{"line":8,"column":2},"end":{"line":10,"column":3}},"4":{"start":{"line":9,"column":4},"end":{"line":9,"column":40}},"5":{"start":{"line":12,"column":2},"end":{"line":12,"column":38}},"6":{"start":{"line":5,"column":13},"end":{"line":5,"column":26}},"7":{"start":{"line":15,"column":25},"end":{"line":25,"column":1}},"8":{"start":{"line":16,"column":2},"end":{"line":24,"column":3}},"9":{"start":{"line":17,"column":19},"end":{"line":17,"column":56}},"10":{"start":{"line":18,"column":4},"end":{"line":18,"column":40}},"11":{"start":{"line":20,"column":4},"end":{"line":23,"column":7}},"12":{"start":{"line":15,"column":13},"end":{"line":15,"column":25}},"13":{"start":{"line":27,"column":27},"end":{"line":34,"column":1}},"14":{"start":{"line":28,"column":2},"end":{"line":33,"column":3}},"15":{"start":{"line":29,"column":18},"end":{"line":29,"column":49}},"16":{"start":{"line":30,"column":4},"end":{"line":30,"column":64}},"17":{"start":{"line":32,"column":4},"end":{"line":32,"column":76}},"18":{"start":{"line":27,"column":13},"end":{"line":27,"column":27}},"19":{"start":{"line":36,"column":25},"end":{"line":43,"column":1}},"20":{"start":{"line":37,"column":2},"end":{"line":42,"column":3}},"21":{"start":{"line":38,"column":19},"end":{"line":38,"column":48}},"22":{"start":{"line":39,"column":4},"end":{"line":39,"column":65}},"23":{"start":{"line":41,"column":4},"end":{"line":41,"column":76}},"24":{"start":{"line":36,"column":13},"end":{"line":36,"column":25}},"25":{"start":{"line":45,"column":26},"end":{"line":52,"column":1}},"26":{"start":{"line":46,"column":2},"end":{"line":51,"column":3}},"27":{"start":{"line":47,"column":20},"end":{"line":47,"column":50}},"28":{"start":{"line":48,"column":4},"end":{"line":48,"column":66}},"29":{"start":{"line":50,"column":4},"end":{"line":50,"column":76}},"30":{"start":{"line":45,"column":13},"end":{"line":45,"column":26}},"31":{"start":{"line":54,"column":27},"end":{"line":66,"column":1}},"32":{"start":{"line":55,"column":2},"end":{"line":65,"column":3}},"33":{"start":{"line":56,"column":15},"end":{"line":56,"column":38}},"34":{"start":{"line":57,"column":4},"end":{"line":57,"column":95}},"35":{"start":{"line":57,"column":19},"end":{"line":57,"column":95}},"36":{"start":{"line":59,"column":17},"end":{"line":59,"column":50}},"37":{"start":{"line":60,"column":4},"end":{"line":60,"column":90}},"38":{"start":{"line":60,"column":15},"end":{"line":60,"column":90}},"39":{"start":{"line":62,"column":4},"end":{"line":62,"column":63}},"40":{"start":{"line":64,"column":4},"end":{"line":64,"column":76}},"41":{"start":{"line":54,"column":13},"end":{"line":54,"column":27}},"42":{"start":{"line":68,"column":30},"end":{"line":80,"column":1}},"43":{"start":{"line":69,"column":2},"end":{"line":79,"column":3}},"44":{"start":{"line":70,"column":18},"end":{"line":70,"column":43}},"45":{"start":{"line":71,"column":4},"end":{"line":71,"column":110}},"46":{"start":{"line":71,"column":16},"end":{"line":71,"column":110}},"47":{"start":{"line":73,"column":17},"end":{"line":73,"column":56}},"48":{"start":{"line":74,"column":4},"end":{"line":74,"column":90}},"49":{"start":{"line":74,"column":15},"end":{"line":74,"column":90}},"50":{"start":{"line":76,"column":4},"end":{"line":76,"column":63}},"51":{"start":{"line":78,"column":4},"end":{"line":78,"column":76}},"52":{"start":{"line":68,"column":13},"end":{"line":68,"column":30}},"53":{"start":{"line":82,"column":30},"end":{"line":99,"column":1}},"54":{"start":{"line":83,"column":2},"end":{"line":98,"column":3}},"55":{"start":{"line":84,"column":15},"end":{"line":84,"column":38}},"56":{"start":{"line":85,"column":4},"end":{"line":85,"column":95}},"57":{"start":{"line":85,"column":19},"end":{"line":85,"column":95}},"58":{"start":{"line":87,"column":21},"end":{"line":87,"column":29}},"59":{"start":{"line":88,"column":4},"end":{"line":90,"column":5}},"60":{"start":{"line":89,"column":6},"end":{"line":89,"column":79}},"61":{"start":{"line":92,"column":20},"end":{"line":92,"column":62}},"62":{"start":{"line":93,"column":4},"end":{"line":93,"column":93}},"63":{"start":{"line":93,"column":18},"end":{"line":93,"column":93}},"64":{"start":{"line":95,"column":4},"end":{"line":95,"column":66}},"65":{"start":{"line":97,"column":4},"end":{"line":97,"column":76}},"66":{"start":{"line":82,"column":13},"end":{"line":82,"column":30}},"67":{"start":{"line":101,"column":26},"end":{"line":111,"column":1}},"68":{"start":{"line":102,"column":2},"end":{"line":110,"column":3}},"69":{"start":{"line":103,"column":15},"end":{"line":103,"column":38}},"70":{"start":{"line":104,"column":4},"end":{"line":104,"column":95}},"71":{"start":{"line":104,"column":19},"end":{"line":104,"column":95}},"72":{"start":{"line":106,"column":4},"end":{"line":106,"column":37}},"73":{"start":{"line":107,"column":4},"end":{"line":107,"column":89}},"74":{"start":{"line":109,"column":4},"end":{"line":109,"column":76}},"75":{"start":{"line":101,"column":13},"end":{"line":101,"column":26}}},"fnMap":{"0":{"name":"(anonymous_9)","decl":{"start":{"line":5,"column":26},"end":{"line":5,"column":31}},"loc":{"start":{"line":5,"column":64},"end":{"line":13,"column":1}}},"1":{"name":"(anonymous_10)","decl":{"start":{"line":15,"column":25},"end":{"line":15,"column":30}},"loc":{"start":{"line":15,"column":63},"end":{"line":25,"column":1}}},"2":{"name":"(anonymous_11)","decl":{"start":{"line":27,"column":27},"end":{"line":27,"column":32}},"loc":{"start":{"line":27,"column":65},"end":{"line":34,"column":1}}},"3":{"name":"(anonymous_12)","decl":{"start":{"line":36,"column":25},"end":{"line":36,"column":30}},"loc":{"start":{"line":36,"column":63},"end":{"line":43,"column":1}}},"4":{"name":"(anonymous_13)","decl":{"start":{"line":45,"column":26},"end":{"line":45,"column":31}},"loc":{"start":{"line":45,"column":64},"end":{"line":52,"column":1}}},"5":{"name":"(anonymous_14)","decl":{"start":{"line":54,"column":27},"end":{"line":54,"column":32}},"loc":{"start":{"line":54,"column":65},"end":{"line":66,"column":1}}},"6":{"name":"(anonymous_15)","decl":{"start":{"line":68,"column":30},"end":{"line":68,"column":35}},"loc":{"start":{"line":68,"column":68},"end":{"line":80,"column":1}}},"7":{"name":"(anonymous_16)","decl":{"start":{"line":82,"column":30},"end":{"line":82,"column":35}},"loc":{"start":{"line":82,"column":68},"end":{"line":99,"column":1}}},"8":{"name":"(anonymous_17)","decl":{"start":{"line":101,"column":26},"end":{"line":101,"column":31}},"loc":{"start":{"line":101,"column":64},"end":{"line":111,"column":1}}}},"branchMap":{"0":{"loc":{"start":{"line":8,"column":2},"end":{"line":10,"column":3}},"type":"if","locations":[{"start":{"line":8,"column":2},"end":{"line":10,"column":3}},{"start":{},"end":{}}]},"1":{"loc":{"start":{"line":22,"column":15},"end":{"line":22,"column":53}},"type":"binary-expr","locations":[{"start":{"line":22,"column":15},"end":{"line":22,"column":28}},{"start":{"line":22,"column":32},"end":{"line":22,"column":53}}]},"2":{"loc":{"start":{"line":57,"column":4},"end":{"line":57,"column":95}},"type":"if","locations":[{"start":{"line":57,"column":4},"end":{"line":57,"column":95}},{"start":{},"end":{}}]},"3":{"loc":{"start":{"line":60,"column":4},"end":{"line":60,"column":90}},"type":"if","locations":[{"start":{"line":60,"column":4},"end":{"line":60,"column":90}},{"start":{},"end":{}}]},"4":{"loc":{"start":{"line":71,"column":4},"end":{"line":71,"column":110}},"type":"if","locations":[{"start":{"line":71,"column":4},"end":{"line":71,"column":110}},{"start":{},"end":{}}]},"5":{"loc":{"start":{"line":74,"column":4},"end":{"line":74,"column":90}},"type":"if","locations":[{"start":{"line":74,"column":4},"end":{"line":74,"column":90}},{"start":{},"end":{}}]},"6":{"loc":{"start":{"line":85,"column":4},"end":{"line":85,"column":95}},"type":"if","locations":[{"start":{"line":85,"column":4},"end":{"line":85,"column":95}},{"start":{},"end":{}}]},"7":{"loc":{"start":{"line":88,"column":4},"end":{"line":90,"column":5}},"type":"if","locations":[{"start":{"line":88,"column":4},"end":{"line":90,"column":5}},{"start":{},"end":{}}]},"8":{"loc":{"start":{"line":93,"column":4},"end":{"line":93,"column":93}},"type":"if","locations":[{"start":{"line":93,"column":4},"end":{"line":93,"column":93}},{"start":{},"end":{}}]},"9":{"loc":{"start":{"line":104,"column":4},"end":{"line":104,"column":95}},"type":"if","locations":[{"start":{"line":104,"column":4},"end":{"line":104,"column":95}},{"start":{},"end":{}}]}},"s":{"0":4,"1":4,"2":7,"3":7,"4":4,"5":3,"6":4,"7":4,"8":8,"9":8,"10":7,"11":1,"12":4,"13":4,"14":0,"15":0,"16":0,"17":0,"18":4,"19":4,"20":0,"21":0,"22":0,"23":0,"24":4,"25":4,"26":0,"27":0,"28":0,"29":0,"30":4,"31":4,"32":0,"33":0,"34":0,"35":0,"36":0,"37":0,"38":0,"39":0,"40":0,"41":4,"42":4,"43":0,"44":0,"45":0,"46":0,"47":0,"48":0,"49":0,"50":0,"51":0,"52":4,"53":4,"54":0,"55":0,"56":0,"57":0,"58":0,"59":0,"60":0,"61":0,"62":0,"63":0,"64":0,"65":0,"66":4,"67":4,"68":0,"69":0,"70":0,"71":0,"72":0,"73":0,"74":0,"75":4},"f":{"0":7,"1":8,"2":0,"3":0,"4":0,"5":0,"6":0,"7":0,"8":0},"b":{"0":[4,3],"1":[1,0],"2":[0,0],"3":[0,0],"4":[0,0],"5":[0,0],"6":[0,0],"7":[0,0],"8":[0,0],"9":[0,0]}}
,"/home/robee/LibraryManagementSystem/src/repositories/books.Repository.ts": {"path":"/home/robee/LibraryManagementSystem/src/repositories/books.Repository.ts","statementMap":{"0":{"start":{"line":1,"column":0},"end":{"line":1,"column":24}},"1":{"start":{"line":2,"column":0},"end":{"line":2,"column":45}},"2":{"start":{"line":5,"column":23},"end":{"line":53,"column":1}},"3":{"start":{"line":10,"column":15},"end":{"line":10,"column":30}},"4":{"start":{"line":11,"column":18},"end":{"line":11,"column":32}},"5":{"start":{"line":13,"column":20},"end":{"line":13,"column":31}},"6":{"start":{"line":14,"column":2},"end":{"line":17,"column":3}},"7":{"start":{"line":15,"column":4},"end":{"line":15,"column":46}},"8":{"start":{"line":16,"column":4},"end":{"line":16,"column":63}},"9":{"start":{"line":18,"column":2},"end":{"line":21,"column":3}},"10":{"start":{"line":19,"column":4},"end":{"line":19,"column":48}},"11":{"start":{"line":20,"column":4},"end":{"line":20,"column":65}},"12":{"start":{"line":22,"column":2},"end":{"line":25,"column":3}},"13":{"start":{"line":23,"column":4},"end":{"line":23,"column":55}},"14":{"start":{"line":24,"column":4},"end":{"line":24,"column":63}},"15":{"start":{"line":27,"column":17},"end":{"line":50,"column":4}},"16":{"start":{"line":52,"column":2},"end":{"line":52,"column":26}},"17":{"start":{"line":5,"column":13},"end":{"line":5,"column":23}},"18":{"start":{"line":55,"column":24},"end":{"line":84,"column":1}},"19":{"start":{"line":56,"column":15},"end":{"line":56,"column":30}},"20":{"start":{"line":57,"column":17},"end":{"line":81,"column":6}},"21":{"start":{"line":83,"column":2},"end":{"line":83,"column":37}},"22":{"start":{"line":55,"column":13},"end":{"line":55,"column":24}},"23":{"start":{"line":86,"column":22},"end":{"line":107,"column":1}},"24":{"start":{"line":93,"column":15},"end":{"line":93,"column":30}},"25":{"start":{"line":94,"column":17},"end":{"line":105,"column":6}},"26":{"start":{"line":106,"column":2},"end":{"line":106,"column":29}},"27":{"start":{"line":86,"column":13},"end":{"line":86,"column":22}},"28":{"start":{"line":109,"column":22},"end":{"line":148,"column":1}},"29":{"start":{"line":117,"column":15},"end":{"line":117,"column":30}},"30":{"start":{"line":118,"column":18},"end":{"line":118,"column":57}},"31":{"start":{"line":119,"column":18},"end":{"line":119,"column":42}},"32":{"start":{"line":120,"column":2},"end":{"line":123,"column":3}},"33":{"start":{"line":121,"column":4},"end":{"line":121,"column":36}},"34":{"start":{"line":122,"column":4},"end":{"line":122,"column":53}},"35":{"start":{"line":124,"column":2},"end":{"line":127,"column":3}},"36":{"start":{"line":125,"column":4},"end":{"line":125,"column":38}},"37":{"start":{"line":126,"column":4},"end":{"line":126,"column":55}},"38":{"start":{"line":128,"column":2},"end":{"line":131,"column":3}},"39":{"start":{"line":129,"column":4},"end":{"line":129,"column":48}},"40":{"start":{"line":130,"column":4},"end":{"line":130,"column":63}},"41":{"start":{"line":132,"column":2},"end":{"line":135,"column":3}},"42":{"start":{"line":133,"column":4},"end":{"line":133,"column":58}},"43":{"start":{"line":134,"column":4},"end":{"line":134,"column":65}},"44":{"start":{"line":136,"column":2},"end":{"line":139,"column":3}},"45":{"start":{"line":137,"column":4},"end":{"line":137,"column":54}},"46":{"start":{"line":138,"column":4},"end":{"line":138,"column":61}},"47":{"start":{"line":141,"column":17},"end":{"line":146,"column":4}},"48":{"start":{"line":147,"column":2},"end":{"line":147,"column":37}},"49":{"start":{"line":109,"column":13},"end":{"line":109,"column":22}},"50":{"start":{"line":150,"column":22},"end":{"line":157,"column":1}},"51":{"start":{"line":151,"column":15},"end":{"line":151,"column":30}},"52":{"start":{"line":152,"column":17},"end":{"line":155,"column":51}},"53":{"start":{"line":156,"column":2},"end":{"line":156,"column":36}},"54":{"start":{"line":150,"column":13},"end":{"line":150,"column":22}},"55":{"start":{"line":159,"column":30},"end":{"line":166,"column":1}},"56":{"start":{"line":160,"column":15},"end":{"line":160,"column":30}},"57":{"start":{"line":161,"column":17},"end":{"line":164,"column":70}},"58":{"start":{"line":165,"column":2},"end":{"line":165,"column":37}},"59":{"start":{"line":159,"column":13},"end":{"line":159,"column":30}},"60":{"start":{"line":168,"column":41},"end":{"line":175,"column":1}},"61":{"start":{"line":169,"column":15},"end":{"line":169,"column":30}},"62":{"start":{"line":170,"column":17},"end":{"line":173,"column":117}},"63":{"start":{"line":174,"column":2},"end":{"line":174,"column":33}},"64":{"start":{"line":168,"column":13},"end":{"line":168,"column":41}}},"fnMap":{"0":{"name":"(anonymous_1)","decl":{"start":{"line":5,"column":23},"end":{"line":5,"column":28}},"loc":{"start":{"line":9,"column":21},"end":{"line":53,"column":1}}},"1":{"name":"(anonymous_2)","decl":{"start":{"line":55,"column":24},"end":{"line":55,"column":29}},"loc":{"start":{"line":55,"column":66},"end":{"line":84,"column":1}}},"2":{"name":"(anonymous_3)","decl":{"start":{"line":86,"column":22},"end":{"line":86,"column":27}},"loc":{"start":{"line":92,"column":19},"end":{"line":107,"column":1}}},"3":{"name":"(anonymous_4)","decl":{"start":{"line":109,"column":22},"end":{"line":109,"column":27}},"loc":{"start":{"line":116,"column":26},"end":{"line":148,"column":1}}},"4":{"name":"(anonymous_5)","decl":{"start":{"line":150,"column":22},"end":{"line":150,"column":27}},"loc":{"start":{"line":150,"column":61},"end":{"line":157,"column":1}}},"5":{"name":"(anonymous_6)","decl":{"start":{"line":159,"column":30},"end":{"line":159,"column":35}},"loc":{"start":{"line":159,"column":77},"end":{"line":166,"column":1}}},"6":{"name":"(anonymous_7)","decl":{"start":{"line":168,"column":41},"end":{"line":168,"column":46}},"loc":{"start":{"line":168,"column":83},"end":{"line":175,"column":1}}}},"branchMap":{"0":{"loc":{"start":{"line":14,"column":2},"end":{"line":17,"column":3}},"type":"if","locations":[{"start":{"line":14,"column":2},"end":{"line":17,"column":3}},{"start":{},"end":{}}]},"1":{"loc":{"start":{"line":18,"column":2},"end":{"line":21,"column":3}},"type":"if","locations":[{"start":{"line":18,"column":2},"end":{"line":21,"column":3}},{"start":{},"end":{}}]},"2":{"loc":{"start":{"line":22,"column":2},"end":{"line":25,"column":3}},"type":"if","locations":[{"start":{"line":22,"column":2},"end":{"line":25,"column":3}},{"start":{},"end":{}}]},"3":{"loc":{"start":{"line":83,"column":9},"end":{"line":83,"column":36}},"type":"binary-expr","locations":[{"start":{"line":83,"column":9},"end":{"line":83,"column":28}},{"start":{"line":83,"column":32},"end":{"line":83,"column":36}}]},"4":{"loc":{"start":{"line":91,"column":2},"end":{"line":91,"column":28}},"type":"default-arg","locations":[{"start":{"line":91,"column":27},"end":{"line":91,"column":28}}]},"5":{"loc":{"start":{"line":99,"column":40},"end":{"line":99,"column":64}},"type":"binary-expr","locations":[{"start":{"line":99,"column":40},"end":{"line":99,"column":56}},{"start":{"line":99,"column":60},"end":{"line":99,"column":64}}]},"6":{"loc":{"start":{"line":120,"column":2},"end":{"line":123,"column":3}},"type":"if","locations":[{"start":{"line":120,"column":2},"end":{"line":123,"column":3}},{"start":{},"end":{}}]},"7":{"loc":{"start":{"line":124,"column":2},"end":{"line":127,"column":3}},"type":"if","locations":[{"start":{"line":124,"column":2},"end":{"line":127,"column":3}},{"start":{},"end":{}}]},"8":{"loc":{"start":{"line":128,"column":2},"end":{"line":131,"column":3}},"type":"if","locations":[{"start":{"line":128,"column":2},"end":{"line":131,"column":3}},{"start":{},"end":{}}]},"9":{"loc":{"start":{"line":130,"column":42},"end":{"line":130,"column":61}},"type":"binary-expr","locations":[{"start":{"line":130,"column":42},"end":{"line":130,"column":53}},{"start":{"line":130,"column":57},"end":{"line":130,"column":61}}]},"10":{"loc":{"start":{"line":132,"column":2},"end":{"line":135,"column":3}},"type":"if","locations":[{"start":{"line":132,"column":2},"end":{"line":135,"column":3}},{"start":{},"end":{}}]},"11":{"loc":{"start":{"line":136,"column":2},"end":{"line":139,"column":3}},"type":"if","locations":[{"start":{"line":136,"column":2},"end":{"line":139,"column":3}},{"start":{},"end":{}}]},"12":{"loc":{"start":{"line":147,"column":9},"end":{"line":147,"column":36}},"type":"binary-expr","locations":[{"start":{"line":147,"column":9},"end":{"line":147,"column":28}},{"start":{"line":147,"column":32},"end":{"line":147,"column":36}}]}},"s":{"0":4,"1":4,"2":4,"3":1,"4":1,"5":1,"6":1,"7":0,"8":0,"9":1,"10":0,"11":0,"12":1,"13":0,"14":0,"15":1,"16":1,"17":4,"18":4,"19":1,"20":1,"21":1,"22":4,"23":4,"24":4,"25":4,"26":4,"27":4,"28":4,"29":0,"30":0,"31":0,"32":0,"33":0,"34":0,"35":0,"36":0,"37":0,"38":0,"39":0,"40":0,"41":0,"42":0,"43":0,"44":0,"45":0,"46":0,"47":0,"48":0,"49":4,"50":4,"51":0,"52":0,"53":0,"54":4,"55":4,"56":0,"57":0,"58":0,"59":4,"60":4,"61":0,"62":0,"63":0,"64":4},"f":{"0":1,"1":1,"2":4,"3":0,"4":0,"5":0,"6":0},"b":{"0":[0,1],"1":[0,1],"2":[0,1],"3":[1,0],"4":[0],"5":[4,4],"6":[0,0],"7":[0,0],"8":[0,0],"9":[0,0],"10":[0,0],"11":[0,0],"12":[0,0]}}
,"/home/robee/LibraryManagementSystem/src/repositories/borrowrecords.Repository.ts": {"path":"/home/robee/LibraryManagementSystem/src/repositories/borrowrecords.Repository.ts","statementMap":{"0":{"start":{"line":6,"column":0},"end":{"line":6,"column":45}},"1":{"start":{"line":8,"column":28},"end":{"line":17,"column":1}},"2":{"start":{"line":9,"column":17},"end":{"line":15,"column":6}},"3":{"start":{"line":16,"column":2},"end":{"line":16,"column":29}},"4":{"start":{"line":8,"column":13},"end":{"line":8,"column":28}},"5":{"start":{"line":19,"column":31},"end":{"line":27,"column":1}},"6":{"start":{"line":20,"column":17},"end":{"line":25,"column":51}},"7":{"start":{"line":26,"column":2},"end":{"line":26,"column":37}},"8":{"start":{"line":19,"column":13},"end":{"line":19,"column":31}},"9":{"start":{"line":29,"column":34},"end":{"line":42,"column":1}},"10":{"start":{"line":30,"column":17},"end":{"line":40,"column":6}},"11":{"start":{"line":41,"column":2},"end":{"line":41,"column":29}},"12":{"start":{"line":29,"column":13},"end":{"line":29,"column":34}},"13":{"start":{"line":44,"column":34},"end":{"line":57,"column":1}},"14":{"start":{"line":45,"column":18},"end":{"line":48,"column":46}},"15":{"start":{"line":50,"column":2},"end":{"line":56,"column":5}},"16":{"start":{"line":44,"column":13},"end":{"line":44,"column":34}},"17":{"start":{"line":59,"column":30},"end":{"line":63,"column":1}},"18":{"start":{"line":60,"column":2},"end":{"line":62,"column":92}},"19":{"start":{"line":59,"column":13},"end":{"line":59,"column":30}},"20":{"start":{"line":65,"column":30},"end":{"line":69,"column":1}},"21":{"start":{"line":66,"column":2},"end":{"line":68,"column":92}},"22":{"start":{"line":65,"column":13},"end":{"line":65,"column":30}},"23":{"start":{"line":71,"column":26},"end":{"line":98,"column":1}},"24":{"start":{"line":72,"column":15},"end":{"line":72,"column":30}},"25":{"start":{"line":73,"column":14},"end":{"line":89,"column":4}},"26":{"start":{"line":90,"column":18},"end":{"line":90,"column":32}},"27":{"start":{"line":91,"column":2},"end":{"line":94,"column":3}},"28":{"start":{"line":92,"column":4},"end":{"line":92,"column":44}},"29":{"start":{"line":93,"column":4},"end":{"line":93,"column":45}},"30":{"start":{"line":95,"column":2},"end":{"line":95,"column":43}},"31":{"start":{"line":96,"column":17},"end":{"line":96,"column":43}},"32":{"start":{"line":97,"column":2},"end":{"line":97,"column":26}},"33":{"start":{"line":71,"column":13},"end":{"line":71,"column":26}},"34":{"start":{"line":100,"column":29},"end":{"line":122,"column":1}},"35":{"start":{"line":101,"column":17},"end":{"line":120,"column":6}},"36":{"start":{"line":121,"column":2},"end":{"line":121,"column":37}},"37":{"start":{"line":100,"column":13},"end":{"line":100,"column":29}},"38":{"start":{"line":124,"column":28},"end":{"line":129,"column":1}},"39":{"start":{"line":125,"column":15},"end":{"line":125,"column":30}},"40":{"start":{"line":126,"column":2},"end":{"line":128,"column":62}},"41":{"start":{"line":124,"column":13},"end":{"line":124,"column":28}}},"fnMap":{"0":{"name":"(anonymous_0)","decl":{"start":{"line":8,"column":28},"end":{"line":8,"column":33}},"loc":{"start":{"line":8,"column":64},"end":{"line":17,"column":1}}},"1":{"name":"(anonymous_1)","decl":{"start":{"line":19,"column":31},"end":{"line":19,"column":36}},"loc":{"start":{"line":19,"column":84},"end":{"line":27,"column":1}}},"2":{"name":"(anonymous_2)","decl":{"start":{"line":29,"column":34},"end":{"line":29,"column":39}},"loc":{"start":{"line":29,"column":64},"end":{"line":42,"column":1}}},"3":{"name":"(anonymous_3)","decl":{"start":{"line":44,"column":34},"end":{"line":44,"column":39}},"loc":{"start":{"line":44,"column":108},"end":{"line":57,"column":1}}},"4":{"name":"(anonymous_4)","decl":{"start":{"line":59,"column":30},"end":{"line":59,"column":35}},"loc":{"start":{"line":59,"column":66},"end":{"line":63,"column":1}}},"5":{"name":"(anonymous_5)","decl":{"start":{"line":65,"column":30},"end":{"line":65,"column":35}},"loc":{"start":{"line":65,"column":66},"end":{"line":69,"column":1}}},"6":{"name":"(anonymous_6)","decl":{"start":{"line":71,"column":26},"end":{"line":71,"column":31}},"loc":{"start":{"line":71,"column":48},"end":{"line":98,"column":1}}},"7":{"name":"(anonymous_7)","decl":{"start":{"line":100,"column":29},"end":{"line":100,"column":34}},"loc":{"start":{"line":100,"column":66},"end":{"line":122,"column":1}}},"8":{"name":"(anonymous_8)","decl":{"start":{"line":124,"column":28},"end":{"line":124,"column":33}},"loc":{"start":{"line":124,"column":49},"end":{"line":129,"column":1}}}},"branchMap":{"0":{"loc":{"start":{"line":48,"column":26},"end":{"line":48,"column":45}},"type":"binary-expr","locations":[{"start":{"line":48,"column":26},"end":{"line":48,"column":37}},{"start":{"line":48,"column":41},"end":{"line":48,"column":45}}]},"1":{"loc":{"start":{"line":91,"column":2},"end":{"line":94,"column":3}},"type":"if","locations":[{"start":{"line":91,"column":2},"end":{"line":94,"column":3}},{"start":{},"end":{}}]},"2":{"loc":{"start":{"line":121,"column":9},"end":{"line":121,"column":36}},"type":"binary-expr","locations":[{"start":{"line":121,"column":9},"end":{"line":121,"column":28}},{"start":{"line":121,"column":32},"end":{"line":121,"column":36}}]}},"s":{"0":4,"1":4,"2":13,"3":13,"4":4,"5":4,"6":0,"7":0,"8":4,"9":4,"10":10,"11":10,"12":4,"13":4,"14":1,"15":1,"16":4,"17":4,"18":1,"19":4,"20":4,"21":10,"22":4,"23":4,"24":1,"25":1,"26":1,"27":1,"28":1,"29":1,"30":1,"31":1,"32":1,"33":4,"34":4,"35":1,"36":1,"37":4,"38":4,"39":0,"40":0,"41":4},"f":{"0":13,"1":0,"2":10,"3":1,"4":1,"5":10,"6":1,"7":1,"8":0},"b":{"0":[1,0],"1":[1,0],"2":[1,0]}}
,"/home/robee/LibraryManagementSystem/src/repositories/categories.Repository.ts": {"path":"/home/robee/LibraryManagementSystem/src/repositories/categories.Repository.ts","statementMap":{"0":{"start":{"line":1,"column":0},"end":{"line":1,"column":24}},"1":{"start":{"line":2,"column":0},"end":{"line":2,"column":45}},"2":{"start":{"line":5,"column":23},"end":{"line":13,"column":1}},"3":{"start":{"line":6,"column":15},"end":{"line":6,"column":30}},"4":{"start":{"line":7,"column":17},"end":{"line":11,"column":4}},"5":{"start":{"line":12,"column":2},"end":{"line":12,"column":26}},"6":{"start":{"line":5,"column":13},"end":{"line":5,"column":23}},"7":{"start":{"line":15,"column":24},"end":{"line":25,"column":1}},"8":{"start":{"line":16,"column":15},"end":{"line":16,"column":30}},"9":{"start":{"line":17,"column":17},"end":{"line":23,"column":6}},"10":{"start":{"line":24,"column":2},"end":{"line":24,"column":37}},"11":{"start":{"line":15,"column":13},"end":{"line":15,"column":24}},"12":{"start":{"line":27,"column":22},"end":{"line":39,"column":1}},"13":{"start":{"line":28,"column":15},"end":{"line":28,"column":30}},"14":{"start":{"line":29,"column":17},"end":{"line":37,"column":6}},"15":{"start":{"line":38,"column":2},"end":{"line":38,"column":29}},"16":{"start":{"line":27,"column":13},"end":{"line":27,"column":22}},"17":{"start":{"line":41,"column":22},"end":{"line":65,"column":1}},"18":{"start":{"line":46,"column":15},"end":{"line":46,"column":30}},"19":{"start":{"line":47,"column":18},"end":{"line":47,"column":57}},"20":{"start":{"line":48,"column":18},"end":{"line":48,"column":42}},"21":{"start":{"line":49,"column":2},"end":{"line":52,"column":3}},"22":{"start":{"line":50,"column":4},"end":{"line":50,"column":34}},"23":{"start":{"line":51,"column":4},"end":{"line":51,"column":50}},"24":{"start":{"line":53,"column":2},"end":{"line":56,"column":3}},"25":{"start":{"line":54,"column":4},"end":{"line":54,"column":48}},"26":{"start":{"line":55,"column":4},"end":{"line":55,"column":65}},"27":{"start":{"line":58,"column":17},"end":{"line":63,"column":4}},"28":{"start":{"line":64,"column":2},"end":{"line":64,"column":37}},"29":{"start":{"line":41,"column":13},"end":{"line":41,"column":22}},"30":{"start":{"line":67,"column":22},"end":{"line":74,"column":1}},"31":{"start":{"line":68,"column":15},"end":{"line":68,"column":30}},"32":{"start":{"line":69,"column":17},"end":{"line":72,"column":60}},"33":{"start":{"line":73,"column":2},"end":{"line":73,"column":36}},"34":{"start":{"line":67,"column":13},"end":{"line":67,"column":22}},"35":{"start":{"line":76,"column":36},"end":{"line":83,"column":1}},"36":{"start":{"line":77,"column":15},"end":{"line":77,"column":30}},"37":{"start":{"line":78,"column":17},"end":{"line":81,"column":79}},"38":{"start":{"line":82,"column":2},"end":{"line":82,"column":33}},"39":{"start":{"line":76,"column":13},"end":{"line":76,"column":36}}},"fnMap":{"0":{"name":"(anonymous_1)","decl":{"start":{"line":5,"column":23},"end":{"line":5,"column":28}},"loc":{"start":{"line":5,"column":55},"end":{"line":13,"column":1}}},"1":{"name":"(anonymous_2)","decl":{"start":{"line":15,"column":24},"end":{"line":15,"column":29}},"loc":{"start":{"line":15,"column":71},"end":{"line":25,"column":1}}},"2":{"name":"(anonymous_3)","decl":{"start":{"line":27,"column":22},"end":{"line":27,"column":27}},"loc":{"start":{"line":27,"column":86},"end":{"line":39,"column":1}}},"3":{"name":"(anonymous_4)","decl":{"start":{"line":41,"column":22},"end":{"line":41,"column":27}},"loc":{"start":{"line":45,"column":30},"end":{"line":65,"column":1}}},"4":{"name":"(anonymous_5)","decl":{"start":{"line":67,"column":22},"end":{"line":67,"column":27}},"loc":{"start":{"line":67,"column":61},"end":{"line":74,"column":1}}},"5":{"name":"(anonymous_6)","decl":{"start":{"line":76,"column":36},"end":{"line":76,"column":41}},"loc":{"start":{"line":76,"column":82},"end":{"line":83,"column":1}}}},"branchMap":{"0":{"loc":{"start":{"line":24,"column":9},"end":{"line":24,"column":36}},"type":"binary-expr","locations":[{"start":{"line":24,"column":9},"end":{"line":24,"column":28}},{"start":{"line":24,"column":32},"end":{"line":24,"column":36}}]},"1":{"loc":{"start":{"line":32,"column":45},"end":{"line":32,"column":64}},"type":"binary-expr","locations":[{"start":{"line":32,"column":45},"end":{"line":32,"column":56}},{"start":{"line":32,"column":60},"end":{"line":32,"column":64}}]},"2":{"loc":{"start":{"line":49,"column":2},"end":{"line":52,"column":3}},"type":"if","locations":[{"start":{"line":49,"column":2},"end":{"line":52,"column":3}},{"start":{},"end":{}}]},"3":{"loc":{"start":{"line":53,"column":2},"end":{"line":56,"column":3}},"type":"if","locations":[{"start":{"line":53,"column":2},"end":{"line":56,"column":3}},{"start":{},"end":{}}]},"4":{"loc":{"start":{"line":64,"column":9},"end":{"line":64,"column":36}},"type":"binary-expr","locations":[{"start":{"line":64,"column":9},"end":{"line":64,"column":28}},{"start":{"line":64,"column":32},"end":{"line":64,"column":36}}]}},"s":{"0":4,"1":4,"2":4,"3":0,"4":0,"5":0,"6":4,"7":4,"8":0,"9":0,"10":0,"11":4,"12":4,"13":0,"14":0,"15":0,"16":4,"17":4,"18":0,"19":0,"20":0,"21":0,"22":0,"23":0,"24":0,"25":0,"26":0,"27":0,"28":0,"29":4,"30":4,"31":0,"32":0,"33":0,"34":4,"35":4,"36":0,"37":0,"38":0,"39":4},"f":{"0":0,"1":0,"2":0,"3":0,"4":0,"5":0},"b":{"0":[0,0],"1":[0,0],"2":[0,0],"3":[0,0],"4":[0,0]}}
[...]
","decl":{"start":{"line":75,"column":26},"end":{"line":75,"column":31}},"loc":{"start":{"line":75,"column":48},"end":{"line":77,"column":1}}},"3":{"name":"(anonymous_12)","decl":{"start":{"line":79,"column":29},"end":{"line":79,"column":34}},"loc":{"start":{"line":79,"column":50},"end":{"line":81,"column":1}}},"4":{"name":"(anonymous_13)","decl":{"start":{"line":83,"column":28},"end":{"line":83,"column":33}},"loc":{"start":{"line":83,"column":49},"end":{"line":88,"column":1}}}},"branchMap":{"0":{"loc":{"start":{"line":13,"column":4},"end":{"line":16,"column":5}},"type":"if","locations":[{"start":{"line":13,"column":4},"end":{"line":16,"column":5}},{"start":{},"end":{}}]},"1":{"loc":{"start":{"line":13,"column":8},"end":{"line":13,"column":41}},"type":"binary-expr","locations":[{"start":{"line":13,"column":8},"end":{"line":13,"column":13}},{"start":{"line":13,"column":17},"end":{"line":13,"column":41}}]},"2":{"loc":{"start":{"line":54,"column":4},"end":{"line":54,"column":60}},"type":"if","locations":[{"start":{"line":54,"column":4},"end":{"line":54,"column":60}},{"start":{},"end":{}}]},"3":{"loc":{"start":{"line":56,"column":4},"end":{"line":58,"column":5}},"type":"if","locations":[{"start":{"line":56,"column":4},"end":{"line":58,"column":5}},{"start":{},"end":{}}]},"4":{"loc":{"start":{"line":56,"column":8},"end":{"line":56,"column":68}},"type":"binary-expr","locations":[{"start":{"line":56,"column":8},"end":{"line":56,"column":34}},{"start":{"line":56,"column":38},"end":{"line":56,"column":68}}]},"5":{"loc":{"start":{"line":60,"column":4},"end":{"line":62,"column":5}},"type":"if","locations":[{"start":{"line":60,"column":4},"end":{"line":62,"column":5}},{"start":{},"end":{}}]},"6":{"loc":{"start":{"line":85,"column":2},"end":{"line":85,"column":58}},"type":"if","locations":[{"start":{"line":85,"column":2},"end":{"line":85,"column":58}},{"start":{},"end":{}}]},"7":{"loc":{"start":{"line":86,"column":2},"end":{"line":86,"column":83}},"type":"if","locations":[{"start":{"line":86,"column":2},"end":{"line":86,"column":83}},{"start":{},"end":{}}]}},"s":{"0":4,"1":4,"2":4,"3":13,"4":13,"5":13,"6":13,"7":13,"8":13,"9":3,"10":10,"11":10,"12":10,"13":10,"14":10,"15":10,"16":3,"17":3,"18":4,"19":4,"20":1,"21":1,"22":1,"23":1,"24":1,"25":1,"26":0,"27":1,"28":0,"29":1,"30":0,"31":1,"32":1,"33":1,"34":1,"35":0,"36":0,"37":4,"38":4,"39":1,"40":4,"41":4,"42":0,"43":4,"44":4,"45":0,"46":0,"47":0,"48":0,"49":0,"50":0,"51":4},"f":{"0":13,"1":1,"2":1,"3":0,"4":0},"b":{"0":[3,10],"1":[13,13],"2":[0,1],"3":[0,1],"4":[1,0],"5":[0,1],"6":[0,0],"7":[0,0]}}
,"/home/robee/LibraryManagementSystem/src/services/categories.Service.ts": {"path":"/home/robee/LibraryManagementSystem/src/services/categories.Service.ts","statementMap":{"0":{"start":{"line":1,"column":0},"end":{"line":1,"column":78}},"1":{"start":{"line":4,"column":32},"end":{"line":6,"column":1}},"2":{"start":{"line":5,"column":2},"end":{"line":5,"column":46}},"3":{"start":{"line":4,"column":13},"end":{"line":4,"column":32}},"4":{"start":{"line":8,"column":31},"end":{"line":10,"column":1}},"5":{"start":{"line":9,"column":2},"end":{"line":9,"column":49}},"6":{"start":{"line":8,"column":13},"end":{"line":8,"column":31}},"7":{"start":{"line":12,"column":30},"end":{"line":15,"column":1}},"8":{"start":{"line":13,"column":32},"end":{"line":13,"column":37}},"9":{"start":{"line":14,"column":2},"end":{"line":14,"column":77}},"10":{"start":{"line":12,"column":13},"end":{"line":12,"column":30}},"11":{"start":{"line":17,"column":30},"end":{"line":20,"column":1}},"12":{"start":{"line":18,"column":32},"end":{"line":18,"column":37}},"13":{"start":{"line":19,"column":2},"end":{"line":19,"column":82}},"14":{"start":{"line":17,"column":13},"end":{"line":17,"column":30}},"15":{"start":{"line":22,"column":30},"end":{"line":29,"column":1}},"16":{"start":{"line":24,"column":29},"end":{"line":24,"column":80}},"17":{"start":{"line":25,"column":2},"end":{"line":27,"column":3}},"18":{"start":{"line":26,"column":4},"end":{"line":26,"column":103}},"19":{"start":{"line":28,"column":2},"end":{"line":28,"column":47}},"20":{"start":{"line":22,"column":13},"end":{"line":22,"column":30}}},"fnMap":{"0":{"name":"(anonymous_9)","decl":{"start":{"line":4,"column":32},"end":{"line":4,"column":37}},"loc":{"start":{"line":4,"column":64},"end":{"line":6,"column":1}}},"1":{"name":"(anonymous_10)","decl":{"start":{"line":8,"column":31},"end":{"line":8,"column":36}},"loc":{"start":{"line":8,"column":78},"end":{"line":10,"column":1}}},"2":{"name":"(anonymous_11)","decl":{"start":{"line":12,"column":30},"end":{"line":12,"column":35}},"loc":{"start":{"line":12,"column":80},"end":{"line":15,"column":1}}},"3":{"name":"(anonymous_12)","decl":{"start":{"line":17,"column":30},"end":{"line":17,"column":35}},"loc":{"start":{"line":17,"column":105},"end":{"line":20,"column":1}}},"4":{"name":"(anonymous_13)","decl":{"start":{"line":22,"column":30},"end":{"line":22,"column":35}},"loc":{"start":{"line":22,"column":69},"end":{"line":29,"column":1}}}},"branchMap":{"0":{"loc":{"start":{"line":25,"column":2},"end":{"line":27,"column":3}},"type":"if","locations":[{"start":{"line":25,"column":2},"end":{"line":27,"column":3}},{"start":{},"end":{}}]}},"s":{"0":4,"1":4,"2":0,"3":4,"4":4,"5":0,"6":4,"7":4,"8":0,"9":0,"10":4,"11":4,"12":0,"13":0,"14":4,"15":4,"16":0,"17":0,"18":0,"19":0,"20":4},"f":{"0":0,"1":0,"2":0,"3":0,"4":0},"b":{"0":[0,0]}}
,"/home/robee/LibraryManagementSystem/src/services/comments.Service.ts": {"path":"/home/robee/LibraryManagementSystem/src/services/comments.Service.ts","statementMap":{"0":{"start":{"line":2,"column":0},"end":{"line":2,"column":59}},"1":{"start":{"line":5,"column":30},"end":{"line":7,"column":1}},"2":{"start":{"line":6,"column":2},"end":{"line":6,"column":30}},"3":{"start":{"line":5,"column":13},"end":{"line":5,"column":30}},"4":{"start":{"line":9,"column":33},"end":{"line":11,"column":1}},"5":{"start":{"line":10,"column":2},"end":{"line":10,"column":42}},"6":{"start":{"line":9,"column":13},"end":{"line":9,"column":33}},"7":{"start":{"line":13,"column":30},"end":{"line":15,"column":1}},"8":{"start":{"line":14,"column":2},"end":{"line":14,"column":33}},"9":{"start":{"line":13,"column":13},"end":{"line":13,"column":30}},"10":{"start":{"line":17,"column":29},"end":{"line":22,"column":1}},"11":{"start":{"line":18,"column":2},"end":{"line":20,"column":3}},"12":{"start":{"line":19,"column":4},"end":{"line":19,"column":54}},"13":{"start":{"line":21,"column":2},"end":{"line":21,"column":33}},"14":{"start":{"line":17,"column":13},"end":{"line":17,"column":29}},"15":{"start":{"line":24,"column":29},"end":{"line":39,"column":1}},"16":{"start":{"line":30,"column":18},"end":{"line":30,"column":41}},"17":{"start":{"line":31,"column":2},"end":{"line":31,"column":28}},"18":{"start":{"line":31,"column":16},"end":{"line":31,"column":28}},"19":{"start":{"line":34,"column":0},"end":{"line":36,"column":3}},"20":{"start":{"line":35,"column":4},"end":{"line":35,"column":16}},"21":{"start":{"line":38,"column":2},"end":{"line":38,"column":40}},"22":{"start":{"line":24,"column":13},"end":{"line":24,"column":29}},"23":{"start":{"line":41,"column":29},"end":{"line":55,"column":1}},"24":{"start":{"line":46,"column":18},"end":{"line":46,"column":41}},"25":{"start":{"line":47,"column":2},"end":{"line":47,"column":29}},"26":{"start":{"line":47,"column":16},"end":{"line":47,"column":29}},"27":{"start":{"line":49,"column":2},"end":{"line":51,"column":3}},"28":{"start":{"line":50,"column":4},"end":{"line":50,"column":61}},"29":{"start":{"line":53,"column":2},"end":{"line":53,"column":24}},"30":{"start":{"line":54,"column":2},"end":{"line":54,"column":14}},"31":{"start":{"line":41,"column":13},"end":{"line":41,"column":29}}},"fnMap":{"0":{"name":"(anonymous_9)","decl":{"start":{"line":5,"column":30},"end":{"line":5,"column":35}},"loc":{"start":{"line":5,"column":61},"end":{"line":7,"column":1}}},"1":{"name":"(anonymous_10)","decl":{"start":{"line":9,"column":33},"end":{"line":9,"column":38}},"loc":{"start":{"line":9,"column":79},"end":{"line":11,"column":1}}},"2":{"name":"(anonymous_11)","decl":{"start":{"line":13,"column":30},"end":{"line":13,"column":35}},"loc":{"start":{"line":13,"column":76},"end":{"line":15,"column":1}}},"3":{"name":"(anonymous_12)","decl":{"start":{"line":17,"column":29},"end":{"line":17,"column":34}},"loc":{"start":{"line":17,"column":74},"end":{"line":22,"column":1}}},"4":{"name":"(anonymous_13)","decl":{"start":{"line":24,"column":29},"end":{"line":24,"column":34}},"loc":{"start":{"line":29,"column":29},"end":{"line":39,"column":1}}},"5":{"name":"(anonymous_14)","decl":{"start":{"line":41,"column":29},"end":{"line":41,"column":34}},"loc":{"start":{"line":45,"column":22},"end":{"line":55,"column":1}}}},"branchMap":{"0":{"loc":{"start":{"line":18,"column":2},"end":{"line":20,"column":3}},"type":"if","locations":[{"start":{"line":18,"column":2},"end":{"line":20,"column":3}},{"start":{},"end":{}}]},"1":{"loc":{"start":{"line":18,"column":6},"end":{"line":18,"column":40}},"type":"binary-expr","locations":[{"start":{"line":18,"column":6},"end":{"line":18,"column":21}},{"start":{"line":18,"column":25},"end":{"line":18,"column":40}}]},"2":{"loc":{"start":{"line":31,"column":2},"end":{"line":31,"column":28}},"type":"if","locations":[{"start":{"line":31,"column":2},"end":{"line":31,"column":28}},{"start":{},"end":{}}]},"3":{"loc":{"start":{"line":34,"column":0},"end":{"line":36,"column":3}},"type":"if","locations":[{"start":{"line":34,"column":0},"end":{"line":36,"column":3}},{"start":{},"end":{}}]},"4":{"loc":{"start":{"line":34,"column":4},"end":{"line":34,"column":70}},"type":"binary-expr","locations":[{"start":{"line":34,"column":4},"end":{"line":34,"column":31}},{"start":{"line":34,"column":35},"end":{"line":34,"column":70}}]},"5":{"loc":{"start":{"line":47,"column":2},"end":{"line":47,"column":29}},"type":"if","locations":[{"start":{"line":47,"column":2},"end":{"line":47,"column":29}},{"start":{},"end":{}}]},"6":{"loc":{"start":{"line":49,"column":2},"end":{"line":51,"column":3}},"type":"if","locations":[{"start":{"line":49,"column":2},"end":{"line":51,"column":3}},{"start":{},"end":{}}]},"7":{"loc":{"start":{"line":49,"column":6},"end":{"line":49,"column":72}},"type":"binary-expr","locations":[{"start":{"line":49,"column":6},"end":{"line":49,"column":33}},{"start":{"line":49,"column":37},"end":{"line":49,"column":72}}]}},"s":{"0":5,"1":5,"2":0,"3":5,"4":5,"5":0,"6":5,"7":5,"8":0,"9":5,"10":5,"11":1,"12":0,"13":1,"14":5,"15":5,"16":3,"17":3,"18":0,"19":3,"20":1,"21":2,"22":5,"23":5,"24":0,"25":0,"26":0,"27":0,"28":0,"29":0,"30":0,"31":5},"f":{"0":0,"1":0,"2":0,"3":1,"4":3,"5":0},"b":{"0":[0,1],"1":[1,1],"2":[0,3],"3":[1,2],"4":[3,2],"5":[0,0],"6":[0,0],"7":[0,0]}}
,"/home/robee/LibraryManagementSystem/src/services/users.Service.ts": {"path":"/home/robee/LibraryManagementSystem/src/services/users.Service.ts","statementMap":{"0":{"start":{"line":2,"column":0},"end":{"line":2,"column":60}},"1":{"start":{"line":4,"column":0},"end":{"line":4,"column":28}},"2":{"start":{"line":5,"column":0},"end":{"line":5,"column":31}},"3":{"start":{"line":7,"column":19},"end":{"line":7,"column":77}},"4":{"start":{"line":9,"column":28},"end":{"line":31,"column":1}},"5":{"start":{"line":10,"column":19},"end":{"line":10,"column":61}},"6":{"start":{"line":11,"column":2},"end":{"line":13,"column":3}},"7":{"start":{"line":12,"column":4},"end":{"line":12,"column":67}},"8":{"start":{"line":15,"column":25},"end":{"line":15,"column":65}},"9":{"start":{"line":16,"column":27},"end":{"line":21,"column":4}},"10":{"start":{"line":23,"column":22},"end":{"line":23,"column":56}},"11":{"start":{"line":24,"column":2},"end":{"line":24,"column":44}},"12":{"start":{"line":26,"column":2},"end":{"line":30,"column":4}},"13":{"start":{"line":9,"column":13},"end":{"line":9,"column":28}},"14":{"start":{"line":33,"column":25},"end":{"line":61,"column":1}},"15":{"start":{"line":34,"column":15},"end":{"line":34,"column":60}},"16":{"start":{"line":35,"column":2},"end":{"line":37,"column":3}},"17":{"start":{"line":36,"column":4},"end":{"line":36,"column":49}},"18":{"start":{"line":39,"column":18},"end":{"line":39,"column":80}},"19":{"start":{"line":40,"column":2},"end":{"line":42,"column":3}},"20":{"start":{"line":41,"column":4},"end":{"line":41,"column":49}},"21":{"start":{"line":44,"column":16},"end":{"line":51,"column":null}},"22":{"start":{"line":54,"column":2},"end":{"line":54,"column":37}},"23":{"start":{"line":56,"column":2},"end":{"line":60,"column":4}},"24":{"start":{"line":33,"column":13},"end":{"line":33,"column":25}},"25":{"start":{"line":63,"column":27},"end":{"line":66,"column":1}},"26":{"start":{"line":64,"column":16},"end":{"line":64,"column":40}},"27":{"start":{"line":65,"column":2},"end":{"line":65,"column":51}},"28":{"start":{"line":65,"column":48},"end":{"line":65,"column":49}},"29":{"start":{"line":63,"column":13},"end":{"line":63,"column":27}},"30":{"start":{"line":68,"column":25},"end":{"line":71,"column":1}},"31":{"start":{"line":69,"column":17},"end":{"line":69,"column":51}},"32":{"start":{"line":70,"column":2},"end":{"line":70,"column":52}},"33":{"start":{"line":70,"column":49},"end":{"line":70,"column":50}},"34":{"start":{"line":68,"column":13},"end":{"line":68,"column":25}},"35":{"start":{"line":73,"column":26},"end":{"line":76,"column":1}},"36":{"start":{"line":74,"column":18},"end":{"line":74,"column":53}},"37":{"start":{"line":75,"column":2},"end":{"line":75,"column":53}},"38":{"start":{"line":75,"column":50},"end":{"line":75,"column":51}},"39":{"start":{"line":73,"column":13},"end":{"line":73,"column":26}},"40":{"start":{"line":78,"column":27},"end":{"line":82,"column":1}},"41":{"start":{"line":79,"column":15},"end":{"line":79,"column":42}},"42":{"start":{"line":80,"column":2},"end":{"line":80,"column":47}},"43":{"start":{"line":80,"column":12},"end":{"line":80,"column":47}},"44":{"start":{"line":81,"column":2},"end":{"line":81,"column":14}},"45":{"start":{"line":78,"column":13},"end":{"line":78,"column":27}},"46":{"start":{"line":84,"column":30},"end":{"line":88,"column":1}},"47":{"start":{"line":85,"column":15},"end":{"line":85,"column":48}},"48":{"start":{"line":86,"column":2},"end":{"line":86,"column":47}},"49":{"start":{"line":86,"column":12},"end":{"line":86,"column":47}},"50":{"start":{"line":87,"column":2},"end":{"line":87,"column":14}},"51":{"start":{"line":84,"column":13},"end":{"line":84,"column":30}},"52":{"start":{"line":90,"column":30},"end":{"line":94,"column":1}},"53":{"start":{"line":91,"column":18},"end":{"line":91,"column":57}},"54":{"start":{"line":92,"column":2},"end":{"line":92,"column":53}},"55":{"start":{"line":92,"column":15},"end":{"line":92,"column":53}},"56":{"start":{"line":93,"column":2},"end":{"line":93,"column":17}},"57":{"start":{"line":90,"column":13},"end":{"line":90,"column":30}},"58":{"start":{"line":96,"column":26},"end":{"line":100,"column":1}},"59":{"start":{"line":97,"column":15},"end":{"line":97,"column":42}},"60":{"start":{"line":98,"column":2},"end":{"line":98,"column":47}},"61":{"start":{"line":98,"column":13},"end":{"line":98,"column":47}},"62":{"start":{"line":99,"column":2},"end":{"line":99,"column":28}},"63":{"start":{"line":96,"column":13},"end":{"line":96,"column":26}}},"fnMap":{"0":{"name":"(anonymous_10)","decl":{"start":{"line":9,"column":28},"end":{"line":9,"column":33}},"loc":{"start":{"line":9,"column":56},"end":{"line":31,"column":1}}},"1":{"name":"(anonymous_11)","decl":{"start":{"line":33,"column":25},"end":{"line":33,"column":30}},"loc":{"start":{"line":33,"column":58},"end":{"line":61,"column":1}}},"2":{"name":"(anonymous_12)","decl":{"start":{"line":63,"column":27},"end":{"line":63,"column":32}},"loc":{"start":{"line":63,"column":55},"end":{"line":66,"column":1}}},"3":{"name":"(anonymous_13)","decl":{"start":{"line":65,"column":19},"end":{"line":65,"column":20}},"loc":{"start":{"line":65,"column":48},"end":{"line":65,"column":49}}},"4":{"name":"(anonymous_14)","decl":{"start":{"line":68,"column":25},"end":{"line":68,"column":30}},"loc":{"start":{"line":68,"column":53},"end":{"line":71,"column":1}}},"5":{"name":"(anonymous_15)","decl":{"start":{"line":70,"column":20},"end":{"line":70,"column":21}},"loc":{"start":{"line":70,"column":49},"end":{"line":70,"column":50}}},"6":{"name":"(anonymous_16)","decl":{"start":{"line":73,"column":26},"end":{"line":73,"column":31}},"loc":{"start":{"line":73,"column":54},"end":{"line":76,"column":1}}},"7":{"name":"(anonymous_17)","decl":{"start":{"line":75,"column":21},"end":{"line":75,"column":22}},"loc":{"start":{"line":75,"column":50},"end":{"line":75,"column":51}}},"8":{"name":"(anonymous_18)","decl":{"start":{"line":78,"column":27},"end":{"line":78,"column":32}},"loc":{"start":{"line":78,"column":70},"end":{"line":82,"column":1}}},"9":{"name":"(anonymous_19)","decl":{"start":{"line":84,"column":30},"end":{"line":84,"column":35}},"loc":{"start":{"line":84,"column":76},"end":{"line":88,"column":1}}},"10":{"name":"(anonymous_20)","decl":{"start":{"line":90,"column":30},"end":{"line":90,"column":35}},"loc":{"start":{"line":90,"column":99},"end":{"line":94,"column":1}}},"11":{"name":"(anonymous_21)","decl":{"start":{"line":96,"column":26},"end":{"line":96,"column":31}},"loc":{"start":{"line":96,"column":62},"end":{"line":100,"column":1}}}},"branchMap":{"0":{"loc":{"start":{"line":7,"column":19},"end":{"line":7,"column":77}},"type":"binary-expr","locations":[{"start":{"line":7,"column":19},"end":{"line":7,"column":41}},{"start":{"line":7,"column":45},"end":{"line":7,"column":77}}]},"1":{"loc":{"start":{"line":11,"column":2},"end":{"line":13,"column":3}},"type":"if","locations":[{"start":{"line":11,"column":2},"end":{"line":13,"column":3}},{"start":{},"end":{}}]},"2":{"loc":{"start":{"line":19,"column":10},"end":{"line":19,"column":35}},"type":"binary-expr","locations":[{"start":{"line":19,"column":10},"end":{"line":19,"column":23}},{"start":{"line":19,"column":27},"end":{"line":19,"column":35}}]},"3":{"loc":{"start":{"line":35,"column":2},"end":{"line":37,"column":3}},"type":"if","locations":[{"start":{"line":35,"column":2},"end":{"line":37,"column":3}},{"start":{},"end":{}}]},"4":{"loc":{"start":{"line":35,"column":6},"end":{"line":35,"column":34}},"type":"binary-expr","locations":[{"start":{"line":35,"column":6},"end":{"line":35,"column":11}},{"start":{"line":35,"column":15},"end":{"line":35,"column":34}}]},"5":{"loc":{"start":{"line":40,"column":2},"end":{"line":42,"column":3}},"type":"if","locations":[{"start":{"line":40,"column":2},"end":{"line":42,"column":3}},{"start":{},"end":{}}]},"6":{"loc":{"start":{"line":80,"column":2},"end":{"line":80,"column":47}},"type":"if","locations":[{"start":{"line":80,"column":2},"end":{"line":80,"column":47}},{"start":{},"end":{}}]},"7":{"loc":{"start":{"line":86,"column":2},"end":{"line":86,"column":47}},"type":"if","locations":[{"start":{"line":86,"column":2},"end":{"line":86,"column":47}},{"start":{},"end":{}}]},"8":{"loc":{"start":{"line":92,"column":2},"end":{"line":92,"column":53}},"type":"if","locations":[{"start":{"line":92,"column":2},"end":{"line":92,"column":53}},{"start":{},"end":{}}]},"9":{"loc":{"start":{"line":98,"column":2},"end":{"line":98,"column":47}},"type":"if","locations":[{"start":{"line":98,"column":2},"end":{"line":98,"column":47}},{"start":{},"end":{}}]}},"s":{"0":5,"1":5,"2":5,"3":5,"4":5,"5":8,"6":8,"7":4,"8":4,"9":4,"10":4,"11":4,"12":4,"13":5,"14":5,"15":10,"16":10,"17":0,"18":10,"19":10,"20":2,"21":8,"22":8,"23":8,"24":5,"25":5,"26":0,"27":0,"28":0,"29":5,"30":5,"31":0,"32":0,"33":0,"34":5,"35":5,"36":0,"37":0,"38":0,"39":5,"40":5,"41":0,"42":0,"43":0,"44":0,"45":5,"46":5,"47":0,"48":0,"49":0,"50":0,"51":5,"52":5,"53":0,"54":0,"55":0,"56":0,"57":5,"58":5,"59":0,"60":0,"61":0,"62":0,"63":5},"f":{"0":8,"1":10,"2":0,"3":0,"4":0,"5":0,"6":0,"7":0,"8":0,"9":0,"10":0,"11":0},"b":{"0":[5,1],"1":[4,4],"2":[4,2],"3":[0,10],"4":[10,10],"5":[2,8],"6":[0,0],"7":[0,0],"8":[0,0],"9":[0,0]}}
}
