TN:
SF:src/index.ts
FN:29,(anonymous_1)
FN:33,(anonymous_2)
FN:37,(anonymous_3)
FN:45,(anonymous_4)
FN:46,(anonymous_5)
FNF:5
FNH:2
FNDA:0,(anonymous_1)
FNDA:0,(anonymous_2)
FNDA:4,(anonymous_3)
FNDA:4,(anonymous_4)
FNDA:0,(anonymous_5)
DA:1,4
DA:2,4
DA:3,4
DA:4,4
DA:5,4
DA:6,4
DA:7,4
DA:8,4
DA:10,4
DA:13,4
DA:18,4
DA:20,4
DA:21,4
DA:22,4
DA:23,4
DA:24,4
DA:27,4
DA:29,4
DA:30,0
DA:33,4
DA:36,4
DA:37,4
DA:38,4
DA:44,4
DA:45,4
DA:46,0
DA:48,4
LF:27
LH:25
BRF:0
BRH:0
end_of_record
TN:
SF:src/Middlewares/bearAuth.ts
FN:7,(anonymous_1)
FNF:1
FNH:1
FNDA:20,(anonymous_1)
DA:1,4
DA:2,4
DA:5,4
DA:7,4
DA:8,20
DA:10,20
DA:11,0
DA:12,0
DA:14,20
DA:15,20
DA:16,0
DA:17,0
DA:19,20
DA:20,20
DA:21,20
DA:22,20
DA:25,0
LF:17
LH:12
BRDA:10,0,0,0
BRDA:10,0,1,20
BRDA:10,1,0,20
BRDA:10,1,1,20
BRDA:15,2,0,0
BRDA:15,2,1,20
BRF:6
BRH:4
end_of_record
TN:
SF:src/Middlewares/roleAuth.ts
FN:6,(anonymous_1)
FNF:1
FNH:1
FNDA:4,(anonymous_1)
DA:2,4
DA:4,4
DA:6,4
DA:7,4
DA:9,4
DA:10,0
DA:13,4
DA:14,0
DA:17,4
LF:9
LH:7
BRDA:9,0,0,0
BRDA:9,0,1,4
BRDA:9,1,0,4
BRDA:9,1,1,4
BRDA:13,2,0,0
BRDA:13,2,1,4
BRF:6
BRH:4
end_of_record
TN:
SF:src/Middlewares/userValidate.ts
FN:5,(anonymous_0)
FN:46,(anonymous_1)
FNF:2
FNH:2
FNDA:7,(anonymous_0)
FNDA:8,(anonymous_1)
DA:2,4
DA:5,4
DA:6,7
DA:7,7
DA:8,7
DA:9,7
DA:10,7
DA:11,7
DA:12,7
DA:13,0
DA:15,7
DA:16,7
DA:17,7
DA:18,7
DA:19,0
DA:25,7
DA:26,0
DA:27,0
DA:33,7
DA:34,7
DA:35,7
DA:37,7
DA:41,0
DA:42,0
DA:46,4
DA:47,8
DA:48,8
DA:49,8
DA:50,8
DA:51,8
DA:52,8
DA:53,0
DA:55,8
DA:56,8
DA:57,8
DA:58,0
DA:64,8
DA:65,0
DA:66,0
DA:72,8
DA:73,8
DA:74,8
DA:81,0
DA:82,0
LF:44
LH:32
BRDA:12,0,0,0
BRDA:12,0,1,7
BRDA:12,1,0,7
BRDA:12,1,1,7
BRDA:15,2,0,0
BRDA:15,2,1,7
BRDA:16,3,0,0
BRDA:16,3,1,7
BRDA:17,4,0,0
BRDA:17,4,1,7
BRDA:18,5,0,0
BRDA:18,5,1,7
BRDA:25,6,0,0
BRDA:25,6,1,7
BRDA:52,7,0,0
BRDA:52,7,1,8
BRDA:52,8,0,8
BRDA:52,8,1,8
BRDA:55,9,0,0
BRDA:55,9,1,8
BRDA:56,10,0,0
BRDA:56,10,1,8
BRDA:57,11,0,0
BRDA:57,11,1,8
BRDA:64,12,0,0
BRDA:64,12,1,8
BRF:26
BRH:15
end_of_record
TN:
SF:src/Utils/validateEmail.utils.ts
FN:3,(anonymous_0)
FNF:1
FNH:1
FNDA:15,(anonymous_0)
DA:1,4
DA:3,4
DA:4,15
LF:3
LH:3
BRF:0
BRH:0
end_of_record
TN:
SF:src/config/database.ts
FN:40,(anonymous_1)
FNF:1
FNH:1
FNDA:44,(anonymous_1)
DA:2,4
DA:3,4
DA:4,4
DA:5,4
DA:13,4
DA:15,4
DA:16,4
DA:17,4
DA:18,4
DA:19,4
DA:21,4
DA:40,4
DA:41,44
DA:42,44
DA:43,44
DA:45,0
DA:46,0
LF:17
LH:15
BRF:0
BRH:0
end_of_record
TN:
SF:src/controllers/books.Controllers.ts
FN:5,(anonymous_9)
FN:8,(anonymous_10)
FN:18,(anonymous_11)
FN:28,(anonymous_12)
FN:55,(anonymous_13)
FN:72,(anonymous_14)
FNF:6
FNH:4
FNDA:6,(anonymous_9)
FNDA:1,(anonymous_10)
FNDA:1,(anonymous_11)
FNDA:4,(anonymous_12)
FNDA:0,(anonymous_13)
FNDA:0,(anonymous_14)
DA:3,4
DA:5,4
DA:6,6
DA:8,4
DA:9,1
DA:14,1
DA:15,1
DA:18,4
DA:19,1
DA:20,1
DA:22,1
DA:23,1
DA:25,1
DA:28,4
DA:29,4
DA:31,4
DA:32,0
DA:34,4
DA:35,0
DA:38,4
DA:39,4
DA:46,4
DA:48,0
DA:51,0
DA:55,4
DA:56,0
DA:57,0
DA:59,0
DA:60,0
DA:63,0
DA:64,0
DA:65,0
DA:66,0
DA:68,0
DA:72,4
DA:73,0
DA:74,0
DA:76,0
DA:77,0
DA:79,0
LF:40
LH:22
BRDA:6,0,0,6
BRDA:6,0,1,6
BRDA:6,1,0,6
BRDA:6,1,1,0
BRDA:12,2,0,0
BRDA:12,2,1,1
BRDA:20,3,0,0
BRDA:20,3,1,1
BRDA:23,4,0,0
BRDA:23,4,1,1
BRDA:29,5,0,0
BRDA:31,6,0,0
BRDA:31,6,1,4
BRDA:31,7,0,4
BRDA:31,7,1,4
BRDA:34,8,0,0
BRDA:34,8,1,4
BRDA:42,9,0,0
BRDA:42,9,1,4
BRDA:43,10,0,0
BRDA:43,10,1,4
BRDA:48,11,0,0
BRDA:48,11,1,0
BRDA:57,12,0,0
BRDA:57,12,1,0
BRDA:59,13,0,0
BRDA:59,13,1,0
BRDA:65,14,0,0
BRDA:65,14,1,0
BRDA:74,15,0,0
BRDA:74,15,1,0
BRDA:77,16,0,0
BRDA:77,16,1,0
BRF:33
BRH:12
end_of_record
TN:
SF:src/controllers/borrowrecords.Controllers.ts
FN:5,(anonymous_9)
FN:21,(anonymous_10)
FN:34,(anonymous_11)
FN:39,(anonymous_12)
FN:43,(anonymous_13)
FN:52,(anonymous_14)
FN:63,(anonymous_15)
FNF:7
FNH:4
FNDA:13,(anonymous_9)
FNDA:1,(anonymous_10)
FNDA:1,(anonymous_11)
FNDA:0,(anonymous_12)
FNDA:1,(anonymous_13)
FNDA:0,(anonymous_14)
FNDA:0,(anonymous_15)
DA:3,4
DA:5,4
DA:6,13
DA:7,13
DA:8,13
DA:10,13
DA:11,0
DA:14,13
DA:15,10
DA:17,3
DA:21,4
DA:22,1
DA:23,1
DA:24,1
DA:25,1
DA:27,1
DA:28,1
DA:30,0
DA:34,4
DA:35,1
DA:36,1
DA:39,4
DA:40,0
DA:43,4
DA:44,1
DA:45,1
DA:46,1
DA:48,0
DA:52,4
DA:53,0
DA:54,0
DA:55,0
DA:56,0
DA:57,0
DA:59,0
DA:63,4
DA:64,0
DA:65,0
DA:66,0
DA:67,0
DA:69,0
LF:41
LH:26
BRDA:10,0,0,0
BRDA:10,0,1,13
BRDA:56,1,0,0
BRDA:56,1,1,0
BRF:4
BRH:1
end_of_record
TN:
SF:src/controllers/categories.Controllers.ts
FN:5,(anonymous_9)
FN:8,(anonymous_10)
FN:13,(anonymous_11)
FN:23,(anonymous_12)
FN:36,(anonymous_13)
FN:52,(anonymous_14)
FNF:6
FNH:0
FNDA:0,(anonymous_9)
FNDA:0,(anonymous_10)
FNDA:0,(anonymous_11)
FNDA:0,(anonymous_12)
FNDA:0,(anonymous_13)
FNDA:0,(anonymous_14)
DA:3,4
DA:5,4
DA:6,0
DA:8,4
DA:9,0
DA:10,0
DA:13,4
DA:14,0
DA:15,0
DA:17,0
DA:18,0
DA:20,0
DA:23,4
DA:24,0
DA:25,0
DA:27,0
DA:28,0
DA:29,0
DA:31,0
DA:32,0
DA:36,4
DA:37,0
DA:38,0
DA:40,0
DA:41,0
DA:43,0
DA:44,0
DA:45,0
DA:46,0
DA:48,0
DA:52,4
DA:53,0
DA:54,0
DA:56,0
DA:57,0
DA:59,0
LF:36
LH:7
BRDA:6,0,0,0
BRDA:6,0,1,0
BRDA:6,1,0,0
BRDA:6,1,1,0
BRDA:15,2,0,0
BRDA:15,2,1,0
BRDA:18,3,0,0
BRDA:18,3,1,0
BRDA:25,4,0,0
BRDA:25,4,1,0
BRDA:31,5,0,0
BRDA:31,5,1,0
BRDA:38,6,0,0
BRDA:38,6,1,0
BRDA:41,7,0,0
BRDA:41,7,1,0
BRDA:41,8,0,0
BRDA:41,8,1,0
BRDA:45,9,0,0
BRDA:45,9,1,0
BRDA:54,10,0,0
BRDA:54,10,1,0
BRDA:57,11,0,0
BRDA:57,11,1,0
BRF:24
BRH:0
end_of_record
TN:
SF:src/controllers/comments.Controllers.ts
FN:5,(anonymous_9)
FN:9,(anonymous_10)
FN:18,(anonymous_11)
FN:30,(anonymous_12)
FN:44,(anonymous_13)
FN:69,(anonymous_14)
FN:104,(anonymous_15)
FNF:7
FNH:1
FNDA:0,(anonymous_9)
FNDA:0,(anonymous_10)
FNDA:0,(anonymous_11)
FNDA:0,(anonymous_12)
FNDA:1,(anonymous_13)
FNDA:0,(anonymous_14)
FNDA:0,(anonymous_15)
DA:3,4
DA:5,4
DA:6,0
DA:9,4
DA:10,0
DA:11,0
DA:12,0
DA:14,0
DA:18,4
DA:19,0
DA:20,0
DA:21,0
DA:23,0
DA:24,0
DA:26,0
DA:30,4
DA:31,0
DA:32,0
DA:33,0
DA:35,0
DA:36,0
DA:38,0
DA:40,0
DA:44,4
DA:45,1
DA:46,1
DA:47,1
DA:49,1
DA:50,0
DA:52,1
DA:53,0
DA:56,1
DA:63,1
DA:65,0
DA:69,4
DA:70,0
DA:71,0
DA:72,0
DA:73,0
DA:76,0
DA:77,0
DA:79,0
DA:82,0
DA:83,0
DA:84,0
DA:88,0
DA:91,0
DA:92,0
DA:96,0
DA:99,0
DA:100,0
DA:104,4
DA:105,0
DA:106,0
DA:107,0
DA:108,0
DA:110,0
DA:111,0
DA:113,0
DA:115,0
LF:60
LH:15
BRDA:14,0,0,0
BRDA:14,0,1,0
BRDA:21,1,0,0
BRDA:21,1,1,0
BRDA:33,2,0,0
BRDA:33,2,1,0
BRDA:36,3,0,0
BRDA:36,3,1,0
BRDA:49,4,0,0
BRDA:49,4,1,1
BRDA:49,5,0,1
BRDA:49,5,1,1
BRDA:52,6,0,0
BRDA:52,6,1,1
BRDA:52,7,0,1
BRDA:52,7,1,1
BRDA:60,8,0,1
BRDA:60,8,1,0
BRDA:65,9,0,0
BRDA:65,9,1,0
BRDA:72,10,0,0
BRDA:72,10,1,0
BRDA:82,11,0,0
BRDA:82,11,1,0
BRDA:83,12,0,0
BRDA:83,12,1,0
BRDA:83,13,0,0
BRDA:83,13,1,0
BRDA:83,13,2,0
BRDA:91,14,0,0
BRDA:91,14,1,0
BRDA:111,15,0,0
BRDA:111,15,1,0
BRF:33
BRH:7
end_of_record
TN:
SF:src/controllers/users.Controllers.ts
FN:5,(anonymous_9)
FN:15,(anonymous_10)
FN:27,(anonymous_11)
FN:36,(anonymous_12)
FN:45,(anonymous_13)
FN:54,(anonymous_14)
FN:68,(anonymous_15)
FN:82,(anonymous_16)
FN:101,(anonymous_17)
FNF:9
FNH:2
FNDA:7,(anonymous_9)
FNDA:8,(anonymous_10)
FNDA:0,(anonymous_11)
FNDA:0,(anonymous_12)
FNDA:0,(anonymous_13)
FNDA:0,(anonymous_14)
FNDA:0,(anonymous_15)
FNDA:0,(anonymous_16)
FNDA:0,(anonymous_17)
DA:3,4
DA:5,4
DA:6,7
DA:8,7
DA:9,4
DA:12,3
DA:15,4
DA:16,8
DA:17,8
DA:18,7
DA:20,1
DA:27,4
DA:28,0
DA:29,0
DA:30,0
DA:32,0
DA:36,4
DA:37,0
DA:38,0
DA:39,0
DA:41,0
DA:45,4
DA:46,0
DA:47,0
DA:48,0
DA:50,0
DA:54,4
DA:55,0
DA:56,0
DA:57,0
DA:59,0
DA:60,0
DA:62,0
DA:64,0
DA:68,4
DA:69,0
DA:70,0
DA:71,0
DA:73,0
DA:74,0
DA:76,0
DA:78,0
DA:82,4
DA:83,0
DA:84,0
DA:85,0
DA:87,0
DA:88,0
DA:89,0
DA:92,0
DA:93,0
DA:95,0
DA:97,0
DA:101,4
DA:102,0
DA:103,0
DA:104,0
DA:106,0
DA:107,0
DA:109,0
LF:60
LH:18
BRDA:8,0,0,4
BRDA:8,0,1,3
BRDA:22,1,0,1
BRDA:22,1,1,0
BRDA:57,2,0,0
BRDA:57,2,1,0
BRDA:60,3,0,0
BRDA:60,3,1,0
BRDA:71,4,0,0
BRDA:71,4,1,0
BRDA:74,5,0,0
BRDA:74,5,1,0
BRDA:85,6,0,0
BRDA:85,6,1,0
BRDA:88,7,0,0
BRDA:88,7,1,0
BRDA:93,8,0,0
BRDA:93,8,1,0
BRDA:104,9,0,0
BRDA:104,9,1,0
BRF:20
BRH:3
end_of_record
TN:
SF:src/repositories/books.Repository.ts
FN:5,(anonymous_1)
FN:55,(anonymous_2)
FN:86,(anonymous_3)
FN:109,(anonymous_4)
FN:150,(anonymous_5)
FN:159,(anonymous_6)
FN:168,(anonymous_7)
FNF:7
FNH:3
FNDA:1,(anonymous_1)
FNDA:1,(anonymous_2)
FNDA:4,(anonymous_3)
FNDA:0,(anonymous_4)
FNDA:0,(anonymous_5)
FNDA:0,(anonymous_6)
FNDA:0,(anonymous_7)
DA:1,4
DA:2,4
DA:5,4
DA:10,1
DA:11,1
DA:13,1
DA:14,1
DA:15,0
DA:16,0
DA:18,1
DA:19,0
DA:20,0
DA:22,1
DA:23,0
DA:24,0
DA:27,1
DA:52,1
DA:55,4
DA:56,1
DA:57,1
DA:83,1
DA:86,4
DA:93,4
DA:94,4
DA:106,4
DA:109,4
DA:117,0
DA:118,0
DA:119,0
DA:120,0
DA:121,0
DA:122,0
DA:124,0
DA:125,0
DA:126,0
DA:128,0
DA:129,0
DA:130,0
DA:132,0
DA:133,0
DA:134,0
DA:136,0
DA:137,0
DA:138,0
DA:141,0
DA:147,0
DA:150,4
DA:151,0
DA:152,0
DA:156,0
DA:159,4
DA:160,0
DA:161,0
DA:165,0
DA:168,4
DA:169,0
DA:170,0
DA:174,0
LF:58
LH:23
BRDA:14,0,0,0
BRDA:14,0,1,1
BRDA:18,1,0,0
BRDA:18,1,1,1
BRDA:22,2,0,0
BRDA:22,2,1,1
BRDA:83,3,0,1
BRDA:83,3,1,0
BRDA:91,4,0,0
BRDA:99,5,0,4
BRDA:99,5,1,4
BRDA:120,6,0,0
BRDA:120,6,1,0
BRDA:124,7,0,0
BRDA:124,7,1,0
BRDA:128,8,0,0
BRDA:128,8,1,0
BRDA:130,9,0,0
BRDA:130,9,1,0
BRDA:132,10,0,0
BRDA:132,10,1,0
BRDA:136,11,0,0
BRDA:136,11,1,0
BRDA:147,12,0,0
BRDA:147,12,1,0
BRF:25
BRH:6
end_of_record
TN:
SF:src/repositories/borrowrecords.Repository.ts
FN:8,(anonymous_0)
FN:19,(anonymous_1)
FN:29,(anonymous_2)
FN:44,(anonymous_3)
FN:59,(anonymous_4)
FN:65,(anonymous_5)
FN:71,(anonymous_6)
FN:100,(anonymous_7)
FN:124,(anonymous_8)
FNF:9
FNH:7
FNDA:13,(anonymous_0)
FNDA:0,(anonymous_1)
FNDA:10,(anonymous_2)
FNDA:1,(anonymous_3)
FNDA:1,(anonymous_4)
FNDA:10,(anonymous_5)
FNDA:1,(anonymous_6)
FNDA:1,(anonymous_7)
FNDA:0,(anonymous_8)
DA:6,4
DA:8,4
DA:9,13
DA:16,13
DA:19,4
DA:20,0
DA:26,0
DA:29,4
DA:30,10
DA:41,10
DA:44,4
DA:45,1
DA:50,1
DA:59,4
DA:60,1
DA:65,4
DA:66,10
DA:71,4
DA:72,1
DA:73,1
DA:90,1
DA:91,1
DA:92,1
DA:93,1
DA:95,1
DA:96,1
DA:97,1
DA:100,4
DA:101,1
DA:121,1
DA:124,4
DA:125,0
DA:126,0
LF:33
LH:29
BRDA:48,0,0,1
BRDA:48,0,1,0
BRDA:91,1,0,1
BRDA:91,1,1,0
BRDA:121,2,0,1
BRDA:121,2,1,0
BRF:6
BRH:3
end_of_record
TN:
SF:src/repositories/categories.Repository.ts
FN:5,(anonymous_1)
FN:15,(anonymous_2)
FN:27,(anonymous_3)
FN:41,(anonymous_4)
FN:67,(anonymous_5)
FN:76,(anonymous_6)
FNF:6
FNH:0
FNDA:0,(anonymous_1)
FNDA:0,(anonymous_2)
FNDA:0,(anonymous_3)
FNDA:0,(anonymous_4)
FNDA:0,(anonymous_5)
FNDA:0,(anonymous_6)
DA:1,4
DA:2,4
DA:5,4
DA:6,0
DA:7,0
DA:12,0
DA:15,4
DA:16,0
DA:17,0
DA:24,0
DA:27,4
DA:28,0
DA:29,0
DA:38,0
DA:41,4
DA:46,0
DA:47,0
DA:48,0
DA:49,0
DA:50,0
DA:51,0
DA:53,0
DA:54,0
DA:55,0
DA:58,0
DA:64,0
DA:67,4
DA:68,0
DA:69,0
DA:73,0
DA:76,4
DA:77,0
DA:78,0
DA:82,0
LF:34
LH:8
BRDA:24,0,0,0
BRDA:24,0,1,0
BRDA:32,1,0,0
BRDA:32,1,1,0
BRDA:49,2,0,0
BRDA:49,2,1,0
BRDA:53,3,0,0
BRDA:53,3,1,0
BRDA:64,4,0,0
BRDA:64,4,1,0
BRF:10
BRH:0
end_of_record
TN:
SF:src/repositories/comment.Repository.ts
FN:5,(anonymous_0)
FN:25,(anonymous_1)
FN:49,(anonymous_2)
FN:72,(anonymous_3)
FN:88,(anonymous_4)
FN:109,(anonymous_5)
FNF:6
FNH:1
FNDA:0,(anonymous_0)
FNDA:0,(anonymous_1)
FNDA:0,(anonymous_2)
FNDA:1,(anonymous_3)
FNDA:0,(anonymous_4)
FNDA:0,(anonymous_5)
DA:2,4
DA:5,4
DA:6,0
DA:7,0
DA:22,0
DA:25,4
DA:26,0
DA:27,0
DA:46,0
DA:49,4
DA:50,0
DA:51,0
DA:69,0
DA:72,4
DA:73,1
DA:74,1
DA:85,1
DA:88,4
DA:89,0
DA:91,0
DA:106,0
DA:109,4
DA:110,0
DA:111,0
LF:24
LH:10
BRDA:69,0,0,0
BRDA:69,0,1,0
BRDA:79,1,0,1
BRDA:79,1,1,0
BRDA:94,2,0,0
BRDA:94,2,1,0
BRDA:95,3,0,0
BRDA:95,3,1,0
BRDA:106,4,0,0
BRDA:106,4,1,0
BRF:10
BRH:1
end_of_record
TN:
SF:src/repositories/user.Repository.ts
FN:5,(anonymous_0)
FN:27,(anonymous_1)
FN:53,(anonymous_2)
FN:78,(anonymous_3)
FN:104,(anonymous_4)
FN:121,(anonymous_5)
FN:143,(anonymous_6)
FNF:7
FNH:2
FNDA:0,(anonymous_0)
FNDA:0,(anonymous_1)
FNDA:0,(anonymous_2)
FNDA:15,(anonymous_3)
FNDA:3,(anonymous_4)
FNDA:0,(anonymous_5)
FNDA:0,(anonymous_6)
DA:2,4
DA:5,4
DA:6,0
DA:7,0
DA:24,0
DA:27,4
DA:28,0
DA:29,0
DA:50,0
DA:53,4
DA:54,0
DA:55,0
DA:75,0
DA:78,4
DA:79,15
DA:80,15
DA:101,15
DA:104,4
DA:105,3
DA:106,3
DA:118,3
DA:121,4
DA:122,0
DA:123,0
DA:140,0
DA:143,4
DA:144,0
DA:145,0
LF:28
LH:14
BRDA:75,0,0,0
BRDA:75,0,1,0
BRDA:101,1,0,15
BRDA:101,1,1,3
BRDA:140,2,0,0
BRDA:140,2,1,0
BRF:6
BRH:2
end_of_record
TN:
SF:src/router/books.Routes.ts
FNF:0
FNH:0
DA:2,4
DA:3,4
DA:4,4
DA:5,4
DA:7,4
DA:10,4
DA:11,4
DA:14,4
DA:15,4
DA:16,4
DA:18,4
LF:11
LH:11
BRF:0
BRH:0
end_of_record
TN:
SF:src/router/borrowrecords.Routes.ts
FNF:0
FNH:0
DA:2,4
DA:3,4
DA:4,4
DA:5,4
DA:7,4
DA:10,4
DA:11,4
DA:12,4
DA:15,4
DA:16,4
DA:17,4
DA:19,4
LF:12
LH:12
BRF:0
BRH:0
end_of_record
TN:
SF:src/router/categories.Routes.ts
FNF:0
FNH:0
DA:2,4
DA:3,4
DA:4,4
DA:5,4
DA:7,4
DA:10,4
DA:11,4
DA:14,4
DA:15,4
DA:16,4
DA:18,4
LF:11
LH:11
BRF:0
BRH:0
end_of_record
TN:
SF:src/router/comments.Routes.ts
FNF:0
FNH:0
DA:2,4
DA:3,4
DA:4,4
DA:6,4
DA:9,4
DA:10,4
DA:11,4
DA:14,4
DA:15,4
DA:16,4
DA:18,4
LF:11
LH:11
BRF:0
BRH:0
end_of_record
TN:
SF:src/router/user.routes.ts
FNF:0
FNH:0
DA:2,4
DA:3,4
DA:4,4
DA:5,4
DA:6,4
DA:8,4
DA:11,4
DA:12,4
DA:15,4
DA:16,4
DA:17,4
DA:18,4
DA:19,4
DA:20,4
DA:21,4
DA:23,4
LF:16
LH:16
BRF:0
BRH:0
end_of_record
TN:
SF:src/services/books.Service.ts
FN:4,(anonymous_9)
FN:12,(anonymous_10)
FN:16,(anonymous_11)
FN:49,(anonymous_12)
FN:79,(anonymous_13)
FNF:5
FNH:3
FNDA:1,(anonymous_9)
FNDA:1,(anonymous_10)
FNDA:7,(anonymous_11)
FNDA:0,(anonymous_12)
FNDA:0,(anonymous_13)
DA:1,5
DA:4,5
DA:9,1
DA:12,5
DA:13,1
DA:16,5
DA:17,7
DA:19,7
DA:20,0
DA:23,7
DA:24,7
DA:25,1
DA:28,6
DA:29,1
DA:32,5
DA:33,0
DA:34,0
DA:35,0
DA:40,5
DA:49,5
DA:53,0
DA:54,0
DA:55,0
DA:57,0
DA:58,0
DA:60,0
DA:61,0
DA:63,0
DA:64,0
DA:65,0
DA:67,0
DA:68,0
DA:70,0
DA:71,0
DA:72,0
DA:73,0
DA:76,0
DA:79,5
DA:80,0
DA:81,0
DA:82,0
DA:84,0
LF:42
LH:17
BRDA:17,0,0,0
BRDA:19,1,0,0
BRDA:19,1,1,7
BRDA:19,2,0,7
BRDA:19,2,1,7
BRDA:23,3,0,1
BRDA:23,3,1,6
BRDA:24,4,0,1
BRDA:24,4,1,6
BRDA:24,5,0,7
BRDA:24,5,1,1
BRDA:24,5,2,1
BRDA:28,6,0,1
BRDA:28,6,1,5
BRDA:32,7,0,0
BRDA:32,7,1,5
BRDA:32,8,0,5
BRDA:32,8,1,5
BRDA:34,9,0,0
BRDA:34,9,1,0
BRDA:43,10,0,5
BRDA:43,10,1,5
BRDA:54,11,0,0
BRDA:54,11,1,0
BRDA:57,12,0,0
BRDA:57,12,1,0
BRDA:57,13,0,0
BRDA:57,13,1,0
BRDA:60,14,0,0
BRDA:60,14,1,0
BRDA:60,15,0,0
BRDA:60,15,1,0
BRDA:63,16,0,0
BRDA:63,16,1,0
BRDA:64,17,0,0
BRDA:64,17,1,0
BRDA:64,18,0,0
BRDA:64,18,1,0
BRDA:64,18,2,0
BRDA:67,19,0,0
BRDA:67,19,1,0
BRDA:67,20,0,0
BRDA:67,20,1,0
BRDA:70,21,0,0
BRDA:70,21,1,0
BRDA:70,22,0,0
BRDA:70,22,1,0
BRDA:72,23,0,0
BRDA:72,23,1,0
BRDA:81,24,0,0
BRDA:81,24,1,0
BRF:51
BRH:17
end_of_record
TN:
SF:src/services/borrowrecords.Service.ts
FN:5,(anonymous_9)
FN:47,(anonymous_10)
FN:75,(anonymous_11)
FN:79,(anonymous_12)
FN:83,(anonymous_13)
FNF:5
FNH:3
FNDA:13,(anonymous_9)
FNDA:1,(anonymous_10)
FNDA:1,(anonymous_11)
FNDA:0,(anonymous_12)
FNDA:0,(anonymous_13)
DA:2,4
DA:3,4
DA:5,4
DA:6,13
DA:7,13
DA:8,13
DA:10,13
DA:12,13
DA:13,13
DA:14,3
DA:25,10
DA:26,10
DA:28,10
DA:37,10
DA:39,10
DA:40,10
DA:42,3
DA:43,3
DA:47,4
DA:48,1
DA:49,1
DA:50,1
DA:52,1
DA:53,1
DA:54,1
DA:56,1
DA:57,0
DA:60,1
DA:61,0
DA:64,1
DA:65,1
DA:67,1
DA:68,1
DA:70,0
DA:71,0
DA:75,4
DA:76,1
DA:79,4
DA:80,0
DA:83,4
DA:84,0
DA:85,0
DA:86,0
DA:87,0
LF:44
LH:35
BRDA:13,0,0,3
BRDA:13,0,1,10
BRDA:13,1,0,13
BRDA:13,1,1,13
BRDA:54,2,0,0
BRDA:54,2,1,1
BRDA:56,3,0,0
BRDA:56,3,1,1
BRDA:56,4,0,1
BRDA:56,4,1,0
BRDA:60,5,0,0
BRDA:60,5,1,1
BRDA:85,6,0,0
BRDA:85,6,1,0
BRDA:86,7,0,0
BRDA:86,7,1,0
BRF:16
BRH:8
end_of_record
TN:
SF:src/services/categories.Service.ts
FN:4,(anonymous_9)
FN:8,(anonymous_10)
FN:12,(anonymous_11)
FN:17,(anonymous_12)
FN:22,(anonymous_13)
FNF:5
FNH:0
FNDA:0,(anonymous_9)
FNDA:0,(anonymous_10)
FNDA:0,(anonymous_11)
FNDA:0,(anonymous_12)
FNDA:0,(anonymous_13)
DA:1,4
DA:4,4
DA:5,0
DA:8,4
DA:9,0
DA:12,4
DA:13,0
DA:14,0
DA:17,4
DA:18,0
DA:19,0
DA:22,4
DA:24,0
DA:25,0
DA:26,0
DA:28,0
LF:16
LH:6
BRDA:25,0,0,0
BRDA:25,0,1,0
BRF:2
BRH:0
end_of_record
TN:
SF:src/services/comments.Service.ts
FN:5,(anonymous_9)
FN:9,(anonymous_10)
FN:13,(anonymous_11)
FN:17,(anonymous_12)
FN:24,(anonymous_13)
FN:41,(anonymous_14)
FNF:6
FNH:2
FNDA:0,(anonymous_9)
FNDA:0,(anonymous_10)
FNDA:0,(anonymous_11)
FNDA:1,(anonymous_12)
FNDA:3,(anonymous_13)
FNDA:0,(anonymous_14)
DA:2,5
DA:5,5
DA:6,0
DA:9,5
DA:10,0
DA:13,5
DA:14,0
DA:17,5
DA:18,1
DA:19,0
DA:21,1
DA:24,5
DA:30,3
DA:31,3
DA:34,3
DA:35,1
DA:38,2
DA:41,5
DA:46,0
DA:47,0
DA:49,0
DA:50,0
DA:53,0
DA:54,0
LF:24
LH:14
BRDA:18,0,0,0
BRDA:18,0,1,1
BRDA:18,1,0,1
BRDA:18,1,1,1
BRDA:31,2,0,0
BRDA:31,2,1,3
BRDA:34,3,0,1
BRDA:34,3,1,2
BRDA:34,4,0,3
BRDA:34,4,1,2
BRDA:47,5,0,0
BRDA:47,5,1,0
BRDA:49,6,0,0
BRDA:49,6,1,0
BRDA:49,7,0,0
BRDA:49,7,1,0
BRF:16
BRH:8
end_of_record
TN:
SF:src/services/users.Service.ts
FN:9,(anonymous_10)
FN:33,(anonymous_11)
FN:63,(anonymous_12)
FN:65,(anonymous_13)
FN:68,(anonymous_14)
FN:70,(anonymous_15)
FN:73,(anonymous_16)
FN:75,(anonymous_17)
FN:78,(anonymous_18)
FN:84,(anonymous_19)
FN:90,(anonymous_20)
FN:96,(anonymous_21)
FNF:12
FNH:2
FNDA:8,(anonymous_10)
FNDA:10,(anonymous_11)
FNDA:0,(anonymous_12)
FNDA:0,(anonymous_13)
FNDA:0,(anonymous_14)
FNDA:0,(anonymous_15)
FNDA:0,(anonymous_16)
FNDA:0,(anonymous_17)
FNDA:0,(anonymous_18)
FNDA:0,(anonymous_19)
FNDA:0,(anonymous_20)
FNDA:0,(anonymous_21)
DA:2,5
DA:4,5
DA:5,5
DA:7,5
DA:9,5
DA:10,8
DA:11,8
DA:12,4
DA:15,4
DA:16,4
DA:23,4
DA:24,4
DA:26,4
DA:33,5
DA:34,10
DA:35,10
DA:36,0
DA:39,10
DA:40,10
DA:41,2
DA:44,8
DA:54,8
DA:56,8
DA:63,5
DA:64,0
DA:65,0
DA:68,5
DA:69,0
DA:70,0
DA:73,5
DA:74,0
DA:75,0
DA:78,5
DA:79,0
DA:80,0
DA:81,0
DA:84,5
DA:85,0
DA:86,0
DA:87,0
DA:90,5
DA:91,0
DA:92,0
DA:93,0
DA:96,5
DA:97,0
DA:98,0
DA:99,0
LF:48
LH:29
BRDA:7,0,0,5
BRDA:7,0,1,1
BRDA:11,1,0,4
BRDA:11,1,1,4
BRDA:19,2,0,4
BRDA:19,2,1,2
BRDA:35,3,0,0
BRDA:35,3,1,10
BRDA:35,4,0,10
BRDA:35,4,1,10
BRDA:40,5,0,2
BRDA:40,5,1,8
BRDA:80,6,0,0
BRDA:80,6,1,0
BRDA:86,7,0,0
BRDA:86,7,1,0
BRDA:92,8,0,0
BRDA:92,8,1,0
BRDA:98,9,0,0
BRDA:98,9,1,0
BRF:20
BRH:11
end_of_record
